{"/home/travis/build/npmtest/node-npmtest-fakeredis/test.js":{"path":"/home/travis/build/npmtest/node-npmtest-fakeredis/test.js","s":{"1":2,"2":2,"3":2,"4":2,"5":2,"6":2,"7":2,"8":1,"9":2,"10":2,"11":1,"12":1,"13":1,"14":1,"15":2,"16":2,"17":2,"18":2,"19":1,"20":1,"21":2,"22":2,"23":2,"24":1,"25":1,"26":1,"27":1,"28":1,"29":1,"30":1,"31":1,"32":1,"33":1,"34":1,"35":1,"36":1,"37":1,"38":1,"39":2,"40":2,"41":1,"42":2,"43":2,"44":1,"45":2,"46":2,"47":1,"48":2,"49":2,"50":1,"51":1,"52":1,"53":1,"54":1},"b":{"1":[2,1,1,1],"2":[1,1,1,1],"3":[1,1],"4":[1,1],"5":[1,1],"6":[1,1],"7":[1,1],"8":[1,1],"9":[1,1],"10":[1,1,1],"11":[1,1],"12":[1,1],"13":[1,1],"14":[1,1],"15":[1,1],"16":[1,1],"17":[1,1]},"f":{"1":2,"2":2,"3":2,"4":2,"5":2,"6":1,"7":1,"8":1,"9":2,"10":2,"11":2,"12":2,"13":1},"fnMap":{"1":{"name":"(anonymous_1)","line":12,"loc":{"start":{"line":12,"column":1},"end":{"line":12,"column":13}}},"2":{"name":"(anonymous_2)","line":19,"loc":{"start":{"line":19,"column":5},"end":{"line":19,"column":17}}},"3":{"name":"(anonymous_3)","line":23,"loc":{"start":{"line":23,"column":24},"end":{"line":23,"column":36}}},"4":{"name":"(anonymous_4)","line":61,"loc":{"start":{"line":61,"column":5},"end":{"line":61,"column":17}}},"5":{"name":"(anonymous_5)","line":82,"loc":{"start":{"line":82,"column":5},"end":{"line":82,"column":17}}},"6":{"name":"(anonymous_6)","line":91,"loc":{"start":{"line":91,"column":77},"end":{"line":94,"column":10}}},"7":{"name":"(anonymous_7)","line":112,"loc":{"start":{"line":112,"column":83},"end":{"line":115,"column":10}},"skip":true},"8":{"name":"(anonymous_8)","line":123,"loc":{"start":{"line":123,"column":77},"end":{"line":126,"column":10}},"skip":true},"9":{"name":"(anonymous_9)","line":139,"loc":{"start":{"line":139,"column":12},"end":{"line":139,"column":40}},"skip":true},"10":{"name":"(anonymous_10)","line":147,"loc":{"start":{"line":147,"column":77},"end":{"line":150,"column":10}},"skip":true},"11":{"name":"(anonymous_11)","line":158,"loc":{"start":{"line":158,"column":83},"end":{"line":161,"column":10}},"skip":true},"12":{"name":"(anonymous_12)","line":169,"loc":{"start":{"line":169,"column":79},"end":{"line":172,"column":10}},"skip":true},"13":{"name":"(anonymous_13)","line":180,"loc":{"start":{"line":180,"column":75},"end":{"line":183,"column":10}},"skip":true}},"statementMap":{"1":{"start":{"line":12,"column":0},"end":{"line":195,"column":5}},"2":{"start":{"line":14,"column":4},"end":{"line":14,"column":14}},"3":{"start":{"line":19,"column":4},"end":{"line":56,"column":9}},"4":{"start":{"line":21,"column":8},"end":{"line":21,"column":19}},"5":{"start":{"line":23,"column":8},"end":{"line":35,"column":13}},"6":{"start":{"line":24,"column":12},"end":{"line":34,"column":13}},"7":{"start":{"line":25,"column":16},"end":{"line":28,"column":30}},"8":{"start":{"line":30,"column":16},"end":{"line":33,"column":27}},"9":{"start":{"line":37,"column":8},"end":{"line":39,"column":21}},"10":{"start":{"line":40,"column":8},"end":{"line":53,"column":9}},"11":{"start":{"line":43,"column":12},"end":{"line":46,"column":14}},"12":{"start":{"line":47,"column":12},"end":{"line":47,"column":18}},"13":{"start":{"line":50,"column":12},"end":{"line":51,"column":46}},"14":{"start":{"line":52,"column":12},"end":{"line":52,"column":18}},"15":{"start":{"line":55,"column":8},"end":{"line":55,"column":35}},"16":{"start":{"line":61,"column":4},"end":{"line":63,"column":9}},"17":{"start":{"line":62,"column":8},"end":{"line":62,"column":15}},"18":{"start":{"line":64,"column":4},"end":{"line":77,"column":5}},"19":{"start":{"line":70,"column":8},"end":{"line":70,"column":14}},"20":{"start":{"line":76,"column":8},"end":{"line":76,"column":14}},"21":{"start":{"line":82,"column":4},"end":{"line":84,"column":9}},"22":{"start":{"line":83,"column":8},"end":{"line":83,"column":15}},"23":{"start":{"line":85,"column":4},"end":{"line":194,"column":5}},"24":{"start":{"line":91,"column":8},"end":{"line":99,"column":10}},"25":{"start":{"line":98,"column":12},"end":{"line":98,"column":35}},"26":{"start":{"line":102,"column":8},"end":{"line":104,"column":63}},"27":{"start":{"line":105,"column":8},"end":{"line":105,"column":14}},"28":{"start":{"line":112,"column":8},"end":{"line":121,"column":10},"skip":true},"29":{"start":{"line":119,"column":12},"end":{"line":119,"column":55},"skip":true},"30":{"start":{"line":120,"column":12},"end":{"line":120,"column":48},"skip":true},"31":{"start":{"line":123,"column":8},"end":{"line":136,"column":10},"skip":true},"32":{"start":{"line":130,"column":12},"end":{"line":130,"column":76},"skip":true},"33":{"start":{"line":131,"column":12},"end":{"line":131,"column":73},"skip":true},"34":{"start":{"line":132,"column":12},"end":{"line":132,"column":74},"skip":true},"35":{"start":{"line":133,"column":12},"end":{"line":133,"column":79},"skip":true},"36":{"start":{"line":134,"column":12},"end":{"line":134,"column":25},"skip":true},"37":{"start":{"line":135,"column":12},"end":{"line":135,"column":45},"skip":true},"38":{"start":{"line":138,"column":8},"end":{"line":145,"column":14},"skip":true},"39":{"start":{"line":143,"column":16},"end":{"line":143,"column":29},"skip":true},"40":{"start":{"line":144,"column":16},"end":{"line":144,"column":55},"skip":true},"41":{"start":{"line":147,"column":8},"end":{"line":156,"column":10},"skip":true},"42":{"start":{"line":154,"column":12},"end":{"line":154,"column":25},"skip":true},"43":{"start":{"line":155,"column":12},"end":{"line":155,"column":45},"skip":true},"44":{"start":{"line":158,"column":8},"end":{"line":167,"column":10},"skip":true},"45":{"start":{"line":165,"column":12},"end":{"line":165,"column":25},"skip":true},"46":{"start":{"line":166,"column":12},"end":{"line":166,"column":48},"skip":true},"47":{"start":{"line":169,"column":8},"end":{"line":178,"column":10},"skip":true},"48":{"start":{"line":176,"column":12},"end":{"line":176,"column":25},"skip":true},"49":{"start":{"line":177,"column":12},"end":{"line":177,"column":46},"skip":true},"50":{"start":{"line":180,"column":8},"end":{"line":189,"column":10},"skip":true},"51":{"start":{"line":187,"column":12},"end":{"line":187,"column":94},"skip":true},"52":{"start":{"line":188,"column":12},"end":{"line":188,"column":48},"skip":true},"53":{"start":{"line":192,"column":8},"end":{"line":192,"column":35},"skip":true},"54":{"start":{"line":193,"column":8},"end":{"line":193,"column":14},"skip":true}},"branchMap":{"1":{"line":25,"type":"binary-expr","locations":[{"start":{"line":25,"column":23},"end":{"line":25,"column":62}},{"start":{"line":26,"column":20},"end":{"line":26,"column":70}},{"start":{"line":27,"column":20},"end":{"line":27,"column":71}},{"start":{"line":28,"column":20},"end":{"line":28,"column":29}}]},"2":{"line":30,"type":"binary-expr","locations":[{"start":{"line":30,"column":23},"end":{"line":30,"column":37}},{"start":{"line":31,"column":20},"end":{"line":31,"column":61}},{"start":{"line":32,"column":20},"end":{"line":32,"column":70}},{"start":{"line":33,"column":20},"end":{"line":33,"column":26}}]},"3":{"line":37,"type":"cond-expr","locations":[{"start":{"line":38,"column":14},"end":{"line":38,"column":20}},{"start":{"line":39,"column":14},"end":{"line":39,"column":20}}]},"4":{"line":40,"type":"switch","locations":[{"start":{"line":42,"column":8},"end":{"line":47,"column":18}},{"start":{"line":49,"column":8},"end":{"line":52,"column":18}}]},"5":{"line":44,"type":"binary-expr","locations":[{"start":{"line":44,"column":16},"end":{"line":44,"column":44}},{"start":{"line":44,"column":48},"end":{"line":44,"column":66}}]},"6":{"line":50,"type":"binary-expr","locations":[{"start":{"line":50,"column":21},"end":{"line":50,"column":49}},{"start":{"line":50,"column":53},"end":{"line":50,"column":72}}]},"7":{"line":64,"type":"switch","locations":[{"start":{"line":69,"column":4},"end":{"line":70,"column":14}},{"start":{"line":75,"column":4},"end":{"line":76,"column":14}}]},"8":{"line":85,"type":"switch","locations":[{"start":{"line":90,"column":4},"end":{"line":105,"column":14}},{"start":{"line":111,"column":4},"end":{"line":193,"column":14},"skip":true}]},"9":{"line":91,"type":"binary-expr","locations":[{"start":{"line":91,"column":42},"end":{"line":91,"column":73}},{"start":{"line":91,"column":77},"end":{"line":99,"column":9}}]},"10":{"line":102,"type":"binary-expr","locations":[{"start":{"line":102,"column":18},"end":{"line":102,"column":32}},{"start":{"line":103,"column":12},"end":{"line":103,"column":53}},{"start":{"line":104,"column":12},"end":{"line":104,"column":61}}]},"11":{"line":112,"type":"binary-expr","locations":[{"start":{"line":112,"column":45},"end":{"line":112,"column":79},"skip":true},{"start":{"line":112,"column":83},"end":{"line":121,"column":9},"skip":true}]},"12":{"line":123,"type":"binary-expr","locations":[{"start":{"line":123,"column":42},"end":{"line":123,"column":73},"skip":true},{"start":{"line":123,"column":77},"end":{"line":136,"column":9},"skip":true}]},"13":{"line":138,"type":"binary-expr","locations":[{"start":{"line":138,"column":48},"end":{"line":138,"column":85},"skip":true},{"start":{"line":139,"column":12},"end":{"line":145,"column":13},"skip":true}]},"14":{"line":147,"type":"binary-expr","locations":[{"start":{"line":147,"column":42},"end":{"line":147,"column":73},"skip":true},{"start":{"line":147,"column":77},"end":{"line":156,"column":9},"skip":true}]},"15":{"line":158,"type":"binary-expr","locations":[{"start":{"line":158,"column":45},"end":{"line":158,"column":79},"skip":true},{"start":{"line":158,"column":83},"end":{"line":167,"column":9},"skip":true}]},"16":{"line":169,"type":"binary-expr","locations":[{"start":{"line":169,"column":43},"end":{"line":169,"column":75},"skip":true},{"start":{"line":169,"column":79},"end":{"line":178,"column":9},"skip":true}]},"17":{"line":180,"type":"binary-expr","locations":[{"start":{"line":180,"column":41},"end":{"line":180,"column":71},"skip":true},{"start":{"line":180,"column":75},"end":{"line":189,"column":9},"skip":true}]}},"code":["/* istanbul instrument in package npmtest_fakeredis */","/*jslint","    bitwise: true,","    browser: true,","    maxerr: 8,","    maxlen: 96,","    node: true,","    nomen: true,","    regexp: true,","    stupid: true","*/","(function () {","    'use strict';","    var local;","","","","    // run shared js-env code - pre-init","    (function () {","        // init local","        local = {};","        // init modeJs","        local.modeJs = (function () {","            try {","                return typeof navigator.userAgent === 'string' &&","                    typeof document.querySelector('body') === 'object' &&","                    typeof XMLHttpRequest.prototype.open === 'function' &&","                    'browser';","            } catch (errorCaughtBrowser) {","                return module.exports &&","                    typeof process.versions.node === 'string' &&","                    typeof require('http').createServer === 'function' &&","                    'node';","            }","        }());","        // init global","        local.global = local.modeJs === 'browser'","            ? window","            : global;","        switch (local.modeJs) {","        // re-init local from window.local","        case 'browser':","            local = local.global.utility2.objectSetDefault(","                local.global.utility2_rollup || local.global.local,","                local.global.utility2","            );","            break;","        // re-init local from example.js","        case 'node':","            local = (local.global.utility2_rollup || require('utility2'))","                .requireExampleJsFromReadme();","            break;","        }","        // export local","        local.global.local = local;","    }());","","","","    // run shared js-env code - function","    (function () {","        return;","    }());","    switch (local.modeJs) {","","","","    // run browser js-env code - function","    case 'browser':","        break;","","","","    // run node js-env code - function","    case 'node':","        break;","    }","","","","    // run shared js-env code - post-init","    (function () {","        return;","    }());","    switch (local.modeJs) {","","","","    // run browser js-env code - post-init","    case 'browser':","        local.testCase_browser_nullCase = local.testCase_browser_nullCase || function (","            options,","            onError","        ) {","        /*","         * this function will test browsers's null-case handling-behavior-behavior","         */","            onError(null, options);","        };","","        // run tests","        local.nop(local.modeTest &&","            document.querySelector('#testRunButton1') &&","            document.querySelector('#testRunButton1').click());","        break;","","","","    // run node js-env code - post-init","    /* istanbul ignore next */","    case 'node':","        local.testCase_buildApidoc_default = local.testCase_buildApidoc_default || function (","            options,","            onError","        ) {","        /*","         * this function will test buildApidoc's default handling-behavior-behavior","         */","            options = { modulePathList: module.paths };","            local.buildApidoc(options, onError);","        };","","        local.testCase_buildApp_default = local.testCase_buildApp_default || function (","            options,","            onError","        ) {","        /*","         * this function will test buildApp's default handling-behavior-behavior","         */","            local.testCase_buildReadme_default(options, local.onErrorThrow);","            local.testCase_buildLib_default(options, local.onErrorThrow);","            local.testCase_buildTest_default(options, local.onErrorThrow);","            local.testCase_buildCustomOrg_default(options, local.onErrorThrow);","            options = [];","            local.buildApp(options, onError);","        };","","        local.testCase_buildCustomOrg_default = local.testCase_buildCustomOrg_default ||","            function (options, onError) {","            /*","             * this function will test buildCustomOrg's default handling-behavior","             */","                options = {};","                local.buildCustomOrg(options, onError);","            };","","        local.testCase_buildLib_default = local.testCase_buildLib_default || function (","            options,","            onError","        ) {","        /*","         * this function will test buildLib's default handling-behavior","         */","            options = {};","            local.buildLib(options, onError);","        };","","        local.testCase_buildReadme_default = local.testCase_buildReadme_default || function (","            options,","            onError","        ) {","        /*","         * this function will test buildReadme's default handling-behavior-behavior","         */","            options = {};","            local.buildReadme(options, onError);","        };","","        local.testCase_buildTest_default = local.testCase_buildTest_default || function (","            options,","            onError","        ) {","        /*","         * this function will test buildTest's default handling-behavior","         */","            options = {};","            local.buildTest(options, onError);","        };","","        local.testCase_webpage_default = local.testCase_webpage_default || function (","            options,","            onError","        ) {","        /*","         * this function will test webpage's default handling-behavior","         */","            options = { modeCoverageMerge: true, url: local.serverLocalHost + '?modeTest=1' };","            local.browserTest(options, onError);","        };","","        // run test-server","        local.testRunServer(local);","        break;","    }","}());",""],"l":{"12":2,"14":2,"19":2,"21":2,"23":2,"24":2,"25":2,"30":1,"37":2,"40":2,"43":1,"47":1,"50":1,"52":1,"55":2,"61":2,"62":2,"64":2,"70":1,"76":1,"82":2,"83":2,"85":2,"91":1,"98":1,"102":1,"105":1,"112":1,"119":1,"120":1,"123":1,"130":1,"131":1,"132":1,"133":1,"134":1,"135":1,"138":1,"143":2,"144":2,"147":1,"154":2,"155":2,"158":1,"165":2,"166":2,"169":1,"176":2,"177":2,"180":1,"187":1,"188":1,"192":1,"193":1}},"/home/travis/build/npmtest/node-npmtest-fakeredis/lib.npmtest_fakeredis.js":{"path":"/home/travis/build/npmtest/node-npmtest-fakeredis/lib.npmtest_fakeredis.js","s":{"1":2,"2":2,"3":2,"4":2,"5":2,"6":2,"7":2,"8":1,"9":2,"10":2,"11":2,"12":2,"13":1,"14":1,"15":1,"16":1},"b":{"1":[2,1,1,1],"2":[1,1,1,1],"3":[1,1],"4":[2,2],"5":[1,1]},"f":{"1":2,"2":2,"3":2},"fnMap":{"1":{"name":"(anonymous_1)","line":12,"loc":{"start":{"line":12,"column":1},"end":{"line":12,"column":13}}},"2":{"name":"(anonymous_2)","line":19,"loc":{"start":{"line":19,"column":5},"end":{"line":19,"column":17}}},"3":{"name":"(anonymous_3)","line":23,"loc":{"start":{"line":23,"column":24},"end":{"line":23,"column":36}}}},"statementMap":{"1":{"start":{"line":12,"column":0},"end":{"line":53,"column":5}},"2":{"start":{"line":14,"column":4},"end":{"line":14,"column":14}},"3":{"start":{"line":19,"column":4},"end":{"line":52,"column":9}},"4":{"start":{"line":21,"column":8},"end":{"line":21,"column":19}},"5":{"start":{"line":23,"column":8},"end":{"line":35,"column":13}},"6":{"start":{"line":24,"column":12},"end":{"line":34,"column":13}},"7":{"start":{"line":25,"column":16},"end":{"line":28,"column":30}},"8":{"start":{"line":30,"column":16},"end":{"line":33,"column":27}},"9":{"start":{"line":37,"column":8},"end":{"line":39,"column":21}},"10":{"start":{"line":41,"column":8},"end":{"line":41,"column":54}},"11":{"start":{"line":43,"column":8},"end":{"line":43,"column":54}},"12":{"start":{"line":45,"column":8},"end":{"line":51,"column":9}},"13":{"start":{"line":46,"column":12},"end":{"line":46,"column":60}},"14":{"start":{"line":48,"column":12},"end":{"line":48,"column":35}},"15":{"start":{"line":49,"column":12},"end":{"line":49,"column":49}},"16":{"start":{"line":50,"column":12},"end":{"line":50,"column":43}}},"branchMap":{"1":{"line":25,"type":"binary-expr","locations":[{"start":{"line":25,"column":23},"end":{"line":25,"column":62}},{"start":{"line":26,"column":20},"end":{"line":26,"column":70}},{"start":{"line":27,"column":20},"end":{"line":27,"column":71}},{"start":{"line":28,"column":20},"end":{"line":28,"column":29}}]},"2":{"line":30,"type":"binary-expr","locations":[{"start":{"line":30,"column":23},"end":{"line":30,"column":37}},{"start":{"line":31,"column":20},"end":{"line":31,"column":61}},{"start":{"line":32,"column":20},"end":{"line":32,"column":70}},{"start":{"line":33,"column":20},"end":{"line":33,"column":26}}]},"3":{"line":37,"type":"cond-expr","locations":[{"start":{"line":38,"column":14},"end":{"line":38,"column":20}},{"start":{"line":39,"column":14},"end":{"line":39,"column":20}}]},"4":{"line":41,"type":"binary-expr","locations":[{"start":{"line":41,"column":16},"end":{"line":41,"column":44}},{"start":{"line":41,"column":48},"end":{"line":41,"column":53}}]},"5":{"line":45,"type":"if","locations":[{"start":{"line":45,"column":8},"end":{"line":45,"column":8}},{"start":{"line":45,"column":8},"end":{"line":45,"column":8}}]}},"code":["/* istanbul instrument in package npmtest_fakeredis */","/*jslint","    bitwise: true,","    browser: true,","    maxerr: 8,","    maxlen: 96,","    node: true,","    nomen: true,","    regexp: true,","    stupid: true","*/","(function () {","    'use strict';","    var local;","","","","    // run shared js-env code - pre-init","    (function () {","        // init local","        local = {};","        // init modeJs","        local.modeJs = (function () {","            try {","                return typeof navigator.userAgent === 'string' &&","                    typeof document.querySelector('body') === 'object' &&","                    typeof XMLHttpRequest.prototype.open === 'function' &&","                    'browser';","            } catch (errorCaughtBrowser) {","                return module.exports &&","                    typeof process.versions.node === 'string' &&","                    typeof require('http').createServer === 'function' &&","                    'node';","            }","        }());","        // init global","        local.global = local.modeJs === 'browser'","            ? window","            : global;","        // init utility2_rollup","        local = local.global.utility2_rollup || local;","        // init lib","        local.local = local.npmtest_fakeredis = local;","        // init exports","        if (local.modeJs === 'browser') {","            local.global.utility2_npmtest_fakeredis = local;","        } else {","            module.exports = local;","            module.exports.__dirname = __dirname;","            module.exports.module = module;","        }","    }());","}());",""],"l":{"12":2,"14":2,"19":2,"21":2,"23":2,"24":2,"25":2,"30":1,"37":2,"41":2,"43":2,"45":2,"46":1,"48":1,"49":1,"50":1}},"/home/travis/build/npmtest/node-npmtest-fakeredis/example.js":{"path":"/home/travis/build/npmtest/node-npmtest-fakeredis/example.js","s":{"1":2,"2":2,"3":2,"4":2,"5":2,"6":2,"7":2,"8":1,"9":2,"10":2,"11":2,"12":2,"13":1,"14":2,"15":2,"16":2,"17":2,"18":2,"19":0,"20":2,"21":1,"22":1,"23":1,"24":1,"25":1,"26":0,"27":0,"28":1,"29":1,"30":2,"31":0,"32":0,"33":0,"34":1,"35":2,"36":2,"37":3,"38":3,"39":3,"40":3,"41":0,"42":3,"43":3,"44":3,"45":1,"46":3,"47":1,"48":1,"49":1,"50":1,"51":1,"52":1,"53":1,"54":1,"55":1,"56":1,"57":0,"58":1,"59":6,"60":6,"61":1,"62":2,"63":0,"64":2,"65":1,"66":1,"67":0,"68":0,"69":0,"70":0,"71":0,"72":0,"73":0,"74":0,"75":0,"76":0,"77":0,"78":0,"79":0,"80":0,"81":0,"82":0,"83":0},"b":{"1":[2,1,1,1],"2":[1,1,1,1],"3":[1,1],"4":[2,2],"5":[1,1],"6":[1,1],"7":[2,0],"8":[2,1,1,1,1,1],"9":[0,2,0],"10":[1,1],"11":[2,1,1],"12":[1,0],"13":[0,2],"14":[2,0,0,0,0,0,0],"15":[0,3],"16":[3,0],"17":[1,1],"18":[0,1],"19":[1,2,0,2],"20":[1,0],"21":[1,1],"22":[0,0],"23":[0,0],"24":[0,0],"25":[0,0],"26":[0,0],"27":[0,0],"28":[0,0]},"f":{"1":2,"2":2,"3":2,"4":2,"5":2,"6":2,"7":3,"8":3,"9":3,"10":1,"11":6,"12":0},"fnMap":{"1":{"name":"(anonymous_1)","line":26,"loc":{"start":{"line":26,"column":1},"end":{"line":26,"column":13}}},"2":{"name":"(anonymous_2)","line":33,"loc":{"start":{"line":33,"column":5},"end":{"line":33,"column":17}}},"3":{"name":"(anonymous_3)","line":37,"loc":{"start":{"line":37,"column":24},"end":{"line":37,"column":36}}},"4":{"name":"(anonymous_4)","line":69,"loc":{"start":{"line":69,"column":31},"end":{"line":69,"column":48}},"skip":true},"5":{"name":"(anonymous_5)","line":78,"loc":{"start":{"line":78,"column":26},"end":{"line":78,"column":45}},"skip":true},"6":{"name":"(anonymous_6)","line":123,"loc":{"start":{"line":123,"column":33},"end":{"line":123,"column":48}},"skip":true},"7":{"name":"(anonymous_7)","line":125,"loc":{"start":{"line":125,"column":27},"end":{"line":125,"column":39}},"skip":true},"8":{"name":"(anonymous_8)","line":133,"loc":{"start":{"line":133,"column":59},"end":{"line":133,"column":74}},"skip":true},"9":{"name":"(anonymous_9)","line":143,"loc":{"start":{"line":143,"column":45},"end":{"line":143,"column":62}},"skip":true},"10":{"name":"(anonymous_10)","line":144,"loc":{"start":{"line":144,"column":73},"end":{"line":144,"column":92}},"skip":true},"11":{"name":"(anonymous_11)","line":272,"loc":{"start":{"line":272,"column":51},"end":{"line":272,"column":77}},"skip":true},"12":{"name":"(anonymous_12)","line":315,"loc":{"start":{"line":315,"column":32},"end":{"line":315,"column":61}},"skip":true}},"statementMap":{"1":{"start":{"line":26,"column":0},"end":{"line":326,"column":5}},"2":{"start":{"line":28,"column":4},"end":{"line":28,"column":14}},"3":{"start":{"line":33,"column":4},"end":{"line":60,"column":9}},"4":{"start":{"line":35,"column":8},"end":{"line":35,"column":19}},"5":{"start":{"line":37,"column":8},"end":{"line":49,"column":13}},"6":{"start":{"line":38,"column":12},"end":{"line":48,"column":13}},"7":{"start":{"line":39,"column":16},"end":{"line":42,"column":30}},"8":{"start":{"line":44,"column":16},"end":{"line":47,"column":27}},"9":{"start":{"line":51,"column":8},"end":{"line":53,"column":21}},"10":{"start":{"line":55,"column":8},"end":{"line":57,"column":45}},"11":{"start":{"line":59,"column":8},"end":{"line":59,"column":35}},"12":{"start":{"line":61,"column":4},"end":{"line":325,"column":5}},"13":{"start":{"line":69,"column":8},"end":{"line":121,"column":10},"skip":true},"14":{"start":{"line":70,"column":12},"end":{"line":88,"column":13},"skip":true},"15":{"start":{"line":76,"column":16},"end":{"line":87,"column":19},"skip":true},"16":{"start":{"line":79,"column":20},"end":{"line":86,"column":21},"skip":true},"17":{"start":{"line":82,"column":24},"end":{"line":82,"column":43},"skip":true},"18":{"start":{"line":83,"column":24},"end":{"line":83,"column":30},"skip":true},"19":{"start":{"line":85,"column":24},"end":{"line":85,"column":49},"skip":true},"20":{"start":{"line":89,"column":12},"end":{"line":107,"column":13},"skip":true},"21":{"start":{"line":92,"column":16},"end":{"line":102,"column":17},"skip":true},"22":{"start":{"line":93,"column":20},"end":{"line":93,"column":86},"skip":true},"23":{"start":{"line":94,"column":20},"end":{"line":95,"column":45},"skip":true},"24":{"start":{"line":96,"column":20},"end":{"line":96,"column":42},"skip":true},"25":{"start":{"line":97,"column":20},"end":{"line":97,"column":48},"skip":true},"26":{"start":{"line":100,"column":20},"end":{"line":100,"column":85},"skip":true},"27":{"start":{"line":101,"column":20},"end":{"line":101,"column":96},"skip":true},"28":{"start":{"line":103,"column":16},"end":{"line":103,"column":22},"skip":true},"29":{"start":{"line":106,"column":16},"end":{"line":106,"column":22},"skip":true},"30":{"start":{"line":108,"column":12},"end":{"line":120,"column":13},"skip":true},"31":{"start":{"line":114,"column":16},"end":{"line":119,"column":17},"skip":true},"32":{"start":{"line":116,"column":20},"end":{"line":116,"column":78},"skip":true},"33":{"start":{"line":118,"column":20},"end":{"line":118,"column":47},"skip":true},"34":{"start":{"line":123,"column":8},"end":{"line":141,"column":11},"skip":true},"35":{"start":{"line":124,"column":12},"end":{"line":124,"column":54},"skip":true},"36":{"start":{"line":125,"column":12},"end":{"line":140,"column":14},"skip":true},"37":{"start":{"line":126,"column":16},"end":{"line":126,"column":28},"skip":true},"38":{"start":{"line":127,"column":16},"end":{"line":127,"column":69},"skip":true},"39":{"start":{"line":128,"column":16},"end":{"line":128,"column":75},"skip":true},"40":{"start":{"line":129,"column":16},"end":{"line":131,"column":17},"skip":true},"41":{"start":{"line":130,"column":20},"end":{"line":130,"column":27},"skip":true},"42":{"start":{"line":133,"column":16},"end":{"line":137,"column":36},"skip":true},"43":{"start":{"line":134,"column":20},"end":{"line":136,"column":55},"skip":true},"44":{"start":{"line":139,"column":16},"end":{"line":139,"column":57},"skip":true},"45":{"start":{"line":143,"column":8},"end":{"line":147,"column":11},"skip":true},"46":{"start":{"line":144,"column":12},"end":{"line":146,"column":15},"skip":true},"47":{"start":{"line":145,"column":16},"end":{"line":145,"column":70},"skip":true},"48":{"start":{"line":149,"column":8},"end":{"line":149,"column":31},"skip":true},"49":{"start":{"line":150,"column":8},"end":{"line":150,"column":14},"skip":true},"50":{"start":{"line":158,"column":8},"end":{"line":158,"column":31},"skip":true},"51":{"start":{"line":160,"column":8},"end":{"line":160,"column":33},"skip":true},"52":{"start":{"line":161,"column":8},"end":{"line":161,"column":37},"skip":true},"53":{"start":{"line":162,"column":8},"end":{"line":162,"column":35},"skip":true},"54":{"start":{"line":164,"column":8},"end":{"line":164,"column":50},"skip":true},"55":{"start":{"line":166,"column":8},"end":{"line":256,"column":2},"skip":true},"56":{"start":{"line":258,"column":8},"end":{"line":286,"column":9},"skip":true},"57":{"start":{"line":259,"column":12},"end":{"line":269,"column":14},"skip":true},"58":{"start":{"line":271,"column":12},"end":{"line":285,"column":19},"skip":true},"59":{"start":{"line":274,"column":20},"end":{"line":274,"column":35},"skip":true},"60":{"start":{"line":275,"column":20},"end":{"line":284,"column":21},"skip":true},"61":{"start":{"line":277,"column":24},"end":{"line":277,"column":64},"skip":true},"62":{"start":{"line":279,"column":24},"end":{"line":279,"column":40},"skip":true},"63":{"start":{"line":281,"column":24},"end":{"line":281,"column":40},"skip":true},"64":{"start":{"line":283,"column":24},"end":{"line":283,"column":39},"skip":true},"65":{"start":{"line":288,"column":8},"end":{"line":290,"column":9},"skip":true},"66":{"start":{"line":289,"column":12},"end":{"line":289,"column":18},"skip":true},"67":{"start":{"line":291,"column":8},"end":{"line":293,"column":54},"skip":true},"68":{"start":{"line":296,"column":8},"end":{"line":301,"column":37},"skip":true},"69":{"start":{"line":303,"column":8},"end":{"line":303,"column":82},"skip":true},"70":{"start":{"line":306,"column":8},"end":{"line":308,"column":9},"skip":true},"71":{"start":{"line":307,"column":12},"end":{"line":307,"column":82},"skip":true},"72":{"start":{"line":310,"column":8},"end":{"line":312,"column":9},"skip":true},"73":{"start":{"line":311,"column":12},"end":{"line":311,"column":18},"skip":true},"74":{"start":{"line":313,"column":8},"end":{"line":313,"column":54},"skip":true},"75":{"start":{"line":314,"column":8},"end":{"line":314,"column":69},"skip":true},"76":{"start":{"line":315,"column":8},"end":{"line":323,"column":36},"skip":true},"77":{"start":{"line":316,"column":12},"end":{"line":316,"column":61},"skip":true},"78":{"start":{"line":317,"column":12},"end":{"line":320,"column":13},"skip":true},"79":{"start":{"line":318,"column":16},"end":{"line":318,"column":75},"skip":true},"80":{"start":{"line":319,"column":16},"end":{"line":319,"column":23},"skip":true},"81":{"start":{"line":321,"column":12},"end":{"line":321,"column":38},"skip":true},"82":{"start":{"line":322,"column":12},"end":{"line":322,"column":27},"skip":true},"83":{"start":{"line":324,"column":8},"end":{"line":324,"column":14},"skip":true}},"branchMap":{"1":{"line":39,"type":"binary-expr","locations":[{"start":{"line":39,"column":23},"end":{"line":39,"column":62}},{"start":{"line":40,"column":20},"end":{"line":40,"column":70}},{"start":{"line":41,"column":20},"end":{"line":41,"column":71}},{"start":{"line":42,"column":20},"end":{"line":42,"column":29}}]},"2":{"line":44,"type":"binary-expr","locations":[{"start":{"line":44,"column":23},"end":{"line":44,"column":37}},{"start":{"line":45,"column":20},"end":{"line":45,"column":61}},{"start":{"line":46,"column":20},"end":{"line":46,"column":70}},{"start":{"line":47,"column":20},"end":{"line":47,"column":26}}]},"3":{"line":51,"type":"cond-expr","locations":[{"start":{"line":52,"column":14},"end":{"line":52,"column":20}},{"start":{"line":53,"column":14},"end":{"line":53,"column":20}}]},"4":{"line":55,"type":"binary-expr","locations":[{"start":{"line":55,"column":16},"end":{"line":55,"column":44}},{"start":{"line":55,"column":49},"end":{"line":57,"column":43}}]},"5":{"line":55,"type":"cond-expr","locations":[{"start":{"line":56,"column":14},"end":{"line":56,"column":53}},{"start":{"line":57,"column":14},"end":{"line":57,"column":43}}]},"6":{"line":61,"type":"switch","locations":[{"start":{"line":68,"column":4},"end":{"line":150,"column":14},"skip":true},{"start":{"line":156,"column":4},"end":{"line":324,"column":14},"skip":true}]},"7":{"line":70,"type":"if","locations":[{"start":{"line":70,"column":12},"end":{"line":70,"column":12},"skip":true},{"start":{"line":70,"column":12},"end":{"line":70,"column":12},"skip":true}]},"8":{"line":70,"type":"binary-expr","locations":[{"start":{"line":70,"column":16},"end":{"line":70,"column":22},"skip":true},{"start":{"line":70,"column":27},"end":{"line":70,"column":32},"skip":true},{"start":{"line":71,"column":20},"end":{"line":71,"column":39},"skip":true},{"start":{"line":72,"column":20},"end":{"line":72,"column":49},"skip":true},{"start":{"line":73,"column":20},"end":{"line":73,"column":58},"skip":true},{"start":{"line":74,"column":20},"end":{"line":74,"column":69},"skip":true}]},"9":{"line":79,"type":"switch","locations":[{"start":{"line":80,"column":20},"end":{"line":80,"column":33},"skip":true},{"start":{"line":81,"column":20},"end":{"line":83,"column":30},"skip":true},{"start":{"line":84,"column":20},"end":{"line":85,"column":49},"skip":true}]},"10":{"line":89,"type":"switch","locations":[{"start":{"line":90,"column":12},"end":{"line":103,"column":22},"skip":true},{"start":{"line":105,"column":12},"end":{"line":106,"column":22},"skip":true}]},"11":{"line":89,"type":"binary-expr","locations":[{"start":{"line":89,"column":20},"end":{"line":89,"column":25},"skip":true},{"start":{"line":89,"column":29},"end":{"line":89,"column":48},"skip":true},{"start":{"line":89,"column":52},"end":{"line":89,"column":74},"skip":true}]},"12":{"line":92,"type":"if","locations":[{"start":{"line":92,"column":16},"end":{"line":92,"column":16},"skip":true},{"start":{"line":92,"column":16},"end":{"line":92,"column":16},"skip":true}]},"13":{"line":108,"type":"if","locations":[{"start":{"line":108,"column":12},"end":{"line":108,"column":12},"skip":true},{"start":{"line":108,"column":12},"end":{"line":108,"column":12},"skip":true}]},"14":{"line":108,"type":"binary-expr","locations":[{"start":{"line":108,"column":16},"end":{"line":108,"column":61},"skip":true},{"start":{"line":108,"column":66},"end":{"line":108,"column":72},"skip":true},{"start":{"line":108,"column":77},"end":{"line":108,"column":82},"skip":true},{"start":{"line":109,"column":20},"end":{"line":109,"column":39},"skip":true},{"start":{"line":110,"column":20},"end":{"line":110,"column":49},"skip":true},{"start":{"line":111,"column":20},"end":{"line":111,"column":58},"skip":true},{"start":{"line":112,"column":20},"end":{"line":112,"column":68},"skip":true}]},"15":{"line":129,"type":"if","locations":[{"start":{"line":129,"column":16},"end":{"line":129,"column":16},"skip":true},{"start":{"line":129,"column":16},"end":{"line":129,"column":16},"skip":true}]},"16":{"line":134,"type":"cond-expr","locations":[{"start":{"line":135,"column":26},"end":{"line":135,"column":29},"skip":true},{"start":{"line":136,"column":26},"end":{"line":136,"column":54},"skip":true}]},"17":{"line":164,"type":"binary-expr","locations":[{"start":{"line":164,"column":27},"end":{"line":164,"column":43},"skip":true},{"start":{"line":164,"column":47},"end":{"line":164,"column":49},"skip":true}]},"18":{"line":258,"type":"if","locations":[{"start":{"line":258,"column":8},"end":{"line":258,"column":8},"skip":true},{"start":{"line":258,"column":8},"end":{"line":258,"column":8},"skip":true}]},"19":{"line":275,"type":"switch","locations":[{"start":{"line":276,"column":20},"end":{"line":277,"column":64},"skip":true},{"start":{"line":278,"column":20},"end":{"line":279,"column":40},"skip":true},{"start":{"line":280,"column":20},"end":{"line":281,"column":40},"skip":true},{"start":{"line":282,"column":20},"end":{"line":283,"column":39},"skip":true}]},"20":{"line":288,"type":"if","locations":[{"start":{"line":288,"column":8},"end":{"line":288,"column":8},"skip":true},{"start":{"line":288,"column":8},"end":{"line":288,"column":8},"skip":true}]},"21":{"line":288,"type":"binary-expr","locations":[{"start":{"line":288,"column":12},"end":{"line":288,"column":40},"skip":true},{"start":{"line":288,"column":44},"end":{"line":288,"column":67},"skip":true}]},"22":{"line":292,"type":"binary-expr","locations":[{"start":{"line":292,"column":12},"end":{"line":292,"column":50},"skip":true},{"start":{"line":293,"column":12},"end":{"line":293,"column":53},"skip":true}]},"23":{"line":297,"type":"binary-expr","locations":[{"start":{"line":297,"column":12},"end":{"line":297,"column":67},"skip":true},{"start":{"line":298,"column":12},"end":{"line":301,"column":36},"skip":true}]},"24":{"line":303,"type":"binary-expr","locations":[{"start":{"line":303,"column":43},"end":{"line":303,"column":75},"skip":true},{"start":{"line":303,"column":79},"end":{"line":303,"column":81},"skip":true}]},"25":{"line":306,"type":"if","locations":[{"start":{"line":306,"column":8},"end":{"line":306,"column":8},"skip":true},{"start":{"line":306,"column":8},"end":{"line":306,"column":8},"skip":true}]},"26":{"line":310,"type":"if","locations":[{"start":{"line":310,"column":8},"end":{"line":310,"column":8},"skip":true},{"start":{"line":310,"column":8},"end":{"line":310,"column":8},"skip":true}]},"27":{"line":313,"type":"binary-expr","locations":[{"start":{"line":313,"column":27},"end":{"line":313,"column":43},"skip":true},{"start":{"line":313,"column":47},"end":{"line":313,"column":53},"skip":true}]},"28":{"line":317,"type":"if","locations":[{"start":{"line":317,"column":12},"end":{"line":317,"column":12},"skip":true},{"start":{"line":317,"column":12},"end":{"line":317,"column":12},"skip":true}]}},"code":["/*","example.js","","quickstart example","","instruction","    1. save this script as example.js","    2. run the shell command:","        $ npm install npmtest-fakeredis && PORT=8081 node example.js","    3. play with the browser-demo on http://127.0.0.1:8081","*/","","","","/* istanbul instrument in package npmtest_fakeredis */","/*jslint","    bitwise: true,","    browser: true,","    maxerr: 8,","    maxlen: 96,","    node: true,","    nomen: true,","    regexp: true,","    stupid: true","*/","(function () {","    'use strict';","    var local;","","","","    // run shared js-env code - pre-init","    (function () {","        // init local","        local = {};","        // init modeJs","        local.modeJs = (function () {","            try {","                return typeof navigator.userAgent === 'string' &&","                    typeof document.querySelector('body') === 'object' &&","                    typeof XMLHttpRequest.prototype.open === 'function' &&","                    'browser';","            } catch (errorCaughtBrowser) {","                return module.exports &&","                    typeof process.versions.node === 'string' &&","                    typeof require('http').createServer === 'function' &&","                    'node';","            }","        }());","        // init global","        local.global = local.modeJs === 'browser'","            ? window","            : global;","        // init utility2_rollup","        local = local.global.utility2_rollup || (local.modeJs === 'browser'","            ? local.global.utility2_npmtest_fakeredis","            : global.utility2_moduleExports);","        // export local","        local.global.local = local;","    }());","    switch (local.modeJs) {","","","","    // post-init","    // run browser js-env code - post-init","    /* istanbul ignore next */","    case 'browser':","        local.testRunBrowser = function (event) {","            if (!event || (event &&","                    event.currentTarget &&","                    event.currentTarget.className &&","                    event.currentTarget.className.includes &&","                    event.currentTarget.className.includes('onreset'))) {","                // reset output","                Array.from(","                    document.querySelectorAll('body > .resettable')","                ).forEach(function (element) {","                    switch (element.tagName) {","                    case 'INPUT':","                    case 'TEXTAREA':","                        element.value = '';","                        break;","                    default:","                        element.textContent = '';","                    }","                });","            }","            switch (event && event.currentTarget && event.currentTarget.id) {","            case 'testRunButton1':","                // show tests","                if (document.querySelector('#testReportDiv1').style.display === 'none') {","                    document.querySelector('#testReportDiv1').style.display = 'block';","                    document.querySelector('#testRunButton1').textContent =","                        'hide internal test';","                    local.modeTest = true;","                    local.testRunDefault(local);","                // hide tests","                } else {","                    document.querySelector('#testReportDiv1').style.display = 'none';","                    document.querySelector('#testRunButton1').textContent = 'run internal test';","                }","                break;","            // custom-case","            default:","                break;","            }","            if (document.querySelector('#inputTextareaEval1') && (!event || (event &&","                    event.currentTarget &&","                    event.currentTarget.className &&","                    event.currentTarget.className.includes &&","                    event.currentTarget.className.includes('oneval')))) {","                // try to eval input-code","                try {","                    /*jslint evil: true*/","                    eval(document.querySelector('#inputTextareaEval1').value);","                } catch (errorCaught) {","                    console.error(errorCaught);","                }","            }","        };","        // log stderr and stdout to #outputTextareaStdout1","        ['error', 'log'].forEach(function (key) {","            console[key + '_original'] = console[key];","            console[key] = function () {","                var element;","                console[key + '_original'].apply(console, arguments);","                element = document.querySelector('#outputTextareaStdout1');","                if (!element) {","                    return;","                }","                // append text to #outputTextareaStdout1","                element.value += Array.from(arguments).map(function (arg) {","                    return typeof arg === 'string'","                        ? arg","                        : JSON.stringify(arg, null, 4);","                }).join(' ') + '\\n';","                // scroll textarea to bottom","                element.scrollTop = element.scrollHeight;","            };","        });","        // init event-handling","        ['change', 'click', 'keyup'].forEach(function (event) {","            Array.from(document.querySelectorAll('.on' + event)).forEach(function (element) {","                element.addEventListener(event, local.testRunBrowser);","            });","        });","        // run tests","        local.testRunBrowser();","        break;","","","","    // run node js-env code - post-init","    /* istanbul ignore next */","    case 'node':","        // export local","        module.exports = local;","        // require modules","        local.fs = require('fs');","        local.http = require('http');","        local.url = require('url');","        // init assets","        local.assetsDict = local.assetsDict || {};","        /* jslint-ignore-begin */","        local.assetsDict['/assets.index.template.html'] = '\\","<!doctype html>\\n\\","<html lang=\"en\">\\n\\","<head>\\n\\","<meta charset=\"UTF-8\">\\n\\","<meta name=\"viewport\" content=\"width=device-width, initial-scale=1\">\\n\\","<title>{{env.npm_package_name}} (v{{env.npm_package_version}})</title>\\n\\","<style>\\n\\","/*csslint\\n\\","    box-sizing: false,\\n\\","    universal-selector: false\\n\\","*/\\n\\","* {\\n\\","    box-sizing: border-box;\\n\\","}\\n\\","body {\\n\\","    background: #dde;\\n\\","    font-family: Arial, Helvetica, sans-serif;\\n\\","    margin: 2rem;\\n\\","}\\n\\","body > * {\\n\\","    margin-bottom: 1rem;\\n\\","}\\n\\",".utility2FooterDiv {\\n\\","    margin-top: 20px;\\n\\","    text-align: center;\\n\\","}\\n\\","</style>\\n\\","<style>\\n\\","/*csslint\\n\\","*/\\n\\","textarea {\\n\\","    font-family: monospace;\\n\\","    height: 10rem;\\n\\","    width: 100%;\\n\\","}\\n\\","textarea[readonly] {\\n\\","    background: #ddd;\\n\\","}\\n\\","</style>\\n\\","</head>\\n\\","<body>\\n\\","<!-- utility2-comment\\n\\","<div id=\"ajaxProgressDiv1\" style=\"background: #d00; height: 2px; left: 0; margin: 0; padding: 0; position: fixed; top: 0; transition: background 0.5s, width 1.5s; width: 25%;\"></div>\\n\\","utility2-comment -->\\n\\","<h1>\\n\\","<!-- utility2-comment\\n\\","    <a\\n\\","        {{#if env.npm_package_homepage}}\\n\\","        href=\"{{env.npm_package_homepage}}\"\\n\\","        {{/if env.npm_package_homepage}}\\n\\","        target=\"_blank\"\\n\\","    >\\n\\","utility2-comment -->\\n\\","        {{env.npm_package_name}} (v{{env.npm_package_version}})\\n\\","<!-- utility2-comment\\n\\","    </a>\\n\\","utility2-comment -->\\n\\","</h1>\\n\\","<h3>{{env.npm_package_description}}</h3>\\n\\","<!-- utility2-comment\\n\\","<h4><a download href=\"assets.app.js\">download standalone app</a></h4>\\n\\","<button class=\"onclick onreset\" id=\"testRunButton1\">run internal test</button><br>\\n\\","<div id=\"testReportDiv1\" style=\"display: none;\"></div>\\n\\","utility2-comment -->\\n\\","\\n\\","\\n\\","\\n\\","<label>stderr and stdout</label>\\n\\","<textarea class=\"resettable\" id=\"outputTextareaStdout1\" readonly></textarea>\\n\\","<!-- utility2-comment\\n\\","{{#if isRollup}}\\n\\","<script src=\"assets.app.js\"></script>\\n\\","{{#unless isRollup}}\\n\\","utility2-comment -->\\n\\","<script src=\"assets.utility2.rollup.js\"></script>\\n\\","<script src=\"jsonp.utility2._stateInit?callback=window.utility2._stateInit\"></script>\\n\\","<script src=\"assets.npmtest_fakeredis.rollup.js\"></script>\\n\\","<script src=\"assets.example.js\"></script>\\n\\","<script src=\"assets.test.js\"></script>\\n\\","<!-- utility2-comment\\n\\","{{/if isRollup}}\\n\\","utility2-comment -->\\n\\","<div class=\"utility2FooterDiv\">\\n\\","    [ this app was created with\\n\\","    <a href=\"https://github.com/kaizhu256/node-utility2\" target=\"_blank\">utility2</a>\\n\\","    ]\\n\\","</div>\\n\\","</body>\\n\\","</html>\\n\\","';","        /* jslint-ignore-end */","        if (local.templateRender) {","            local.assetsDict['/'] = local.templateRender(","                local.assetsDict['/assets.index.template.html'],","                {","                    env: local.objectSetDefault(local.env, {","                        npm_package_description: 'the greatest app in the world!',","                        npm_package_name: 'my-app',","                        npm_package_nameAlias: 'my_app',","                        npm_package_version: '0.0.1'","                    })","                }","            );","        } else {","            local.assetsDict['/'] = local.assetsDict['/assets.index.template.html']","                .replace((/\\{\\{env\\.(\\w+?)\\}\\}/g), function (match0, match1) {","                    // jslint-hack","                    String(match0);","                    switch (match1) {","                    case 'npm_package_description':","                        return 'the greatest app in the world!';","                    case 'npm_package_name':","                        return 'my-app';","                    case 'npm_package_nameAlias':","                        return 'my_app';","                    case 'npm_package_version':","                        return '0.0.1';","                    }","                });","        }","        // run the cli","        if (local.global.utility2_rollup || module !== require.main) {","            break;","        }","        local.assetsDict['/assets.example.js'] =","            local.assetsDict['/assets.example.js'] ||","            local.fs.readFileSync(__filename, 'utf8');","        // bug-workaround - long $npm_package_buildCustomOrg","        /* jslint-ignore-begin */","        local.assetsDict['/assets.npmtest_fakeredis.rollup.js'] =","            local.assetsDict['/assets.npmtest_fakeredis.rollup.js'] ||","            local.fs.readFileSync(","                local.npmtest_fakeredis.__dirname + '/lib.npmtest_fakeredis.js',","                'utf8'","            ).replace((/^#!/), '//');","        /* jslint-ignore-end */","        local.assetsDict['/favicon.ico'] = local.assetsDict['/favicon.ico'] || '';","        // if $npm_config_timeout_exit exists,","        // then exit this process after $npm_config_timeout_exit ms","        if (Number(process.env.npm_config_timeout_exit)) {","            setTimeout(process.exit, Number(process.env.npm_config_timeout_exit));","        }","        // start server","        if (local.global.utility2_serverHttp1) {","            break;","        }","        process.env.PORT = process.env.PORT || '8081';","        console.error('server starting on port ' + process.env.PORT);","        local.http.createServer(function (request, response) {","            request.urlParsed = local.url.parse(request.url);","            if (local.assetsDict[request.urlParsed.pathname] !== undefined) {","                response.end(local.assetsDict[request.urlParsed.pathname]);","                return;","            }","            response.statusCode = 404;","            response.end();","        }).listen(process.env.PORT);","        break;","    }","}());",""],"l":{"26":2,"28":2,"33":2,"35":2,"37":2,"38":2,"39":2,"44":1,"51":2,"55":2,"59":2,"61":2,"69":1,"70":2,"76":2,"79":2,"82":2,"83":2,"85":1,"89":2,"92":1,"93":1,"94":1,"96":1,"97":1,"100":1,"101":1,"103":1,"106":1,"108":2,"114":1,"116":1,"118":1,"123":1,"124":2,"125":2,"126":3,"127":3,"128":3,"129":3,"130":1,"133":3,"134":3,"139":3,"143":1,"144":3,"145":1,"149":1,"150":1,"158":1,"160":1,"161":1,"162":1,"164":1,"166":1,"258":1,"259":1,"271":1,"274":6,"275":6,"277":1,"279":2,"281":1,"283":2,"288":1,"289":1,"291":1,"296":1,"303":1,"306":1,"307":1,"310":1,"311":1,"313":1,"314":1,"315":1,"316":1,"317":1,"318":1,"319":1,"321":1,"322":1,"324":1}},"/home/travis/build/npmtest/node-npmtest-fakeredis/node_modules/fakeredis/main.js":{"path":"/home/travis/build/npmtest/node-npmtest-fakeredis/node_modules/fakeredis/main.js","s":{"1":1,"2":1,"3":1,"4":1,"5":1,"6":1,"7":1,"8":0,"9":0,"10":0,"11":0,"12":0,"13":0,"14":0,"15":0,"16":0,"17":0,"18":0,"19":0,"20":0,"21":0,"22":0,"23":0,"24":0,"25":0,"26":0,"27":0,"28":0,"29":0,"30":0,"31":0,"32":0,"33":0,"34":0,"35":0,"36":0,"37":0,"38":0,"39":0,"40":0,"41":0,"42":0,"43":0,"44":0,"45":0,"46":0,"47":0,"48":0,"49":0,"50":0,"51":0,"52":0,"53":0,"54":0,"55":0,"56":0,"57":0,"58":0,"59":0,"60":0,"61":0,"62":0,"63":0,"64":0,"65":0,"66":0,"67":0,"68":1,"69":0,"70":0,"71":0,"72":0,"73":1,"74":0,"75":0,"76":0,"77":0,"78":1,"79":0,"80":0,"81":0,"82":0,"83":0,"84":0,"85":0,"86":0,"87":1,"88":1,"89":0,"90":0,"91":0,"92":0,"93":0,"94":0,"95":0,"96":0,"97":0,"98":0,"99":0,"100":0,"101":1,"102":0,"103":0,"104":0,"105":0,"106":0,"107":0,"108":0,"109":1,"110":0,"111":0,"112":0,"113":0,"114":0},"b":{"1":[0,0],"2":[0,0],"3":[0,0],"4":[0,0],"5":[0,0],"6":[0,0],"7":[0,0],"8":[0,0],"9":[0,0],"10":[0,0],"11":[0,0],"12":[0,0],"13":[0,0],"14":[0,0,0],"15":[0,0],"16":[0,0],"17":[0,0],"18":[0,0],"19":[0,0],"20":[0,0],"21":[0,0],"22":[0,0],"23":[0,0],"24":[0,0],"25":[0,0],"26":[0,0],"27":[0,0],"28":[0,0],"29":[0,0],"30":[0,0],"31":[0,0],"32":[0,0],"33":[0,0],"34":[0,0],"35":[0,0],"36":[0,0],"37":[0,0],"38":[0,0],"39":[0,0],"40":[0,0],"41":[0,0],"42":[0,0],"43":[0,0],"44":[0,0],"45":[0,0],"46":[0,0],"47":[0,0],"48":[0,0]},"f":{"1":0,"2":0,"3":0,"4":0,"5":0,"6":0,"7":0,"8":0,"9":0,"10":0,"11":0,"12":0,"13":0,"14":0,"15":0},"fnMap":{"1":{"name":"(anonymous_1)","line":30,"loc":{"start":{"line":30,"column":23},"end":{"line":30,"column":53}}},"2":{"name":"(anonymous_2)","line":50,"loc":{"start":{"line":50,"column":40},"end":{"line":50,"column":52}}},"3":{"name":"(anonymous_3)","line":63,"loc":{"start":{"line":63,"column":11},"end":{"line":63,"column":22}}},"4":{"name":"(anonymous_4)","line":64,"loc":{"start":{"line":64,"column":22},"end":{"line":64,"column":40}}},"5":{"name":"(anonymous_5)","line":69,"loc":{"start":{"line":69,"column":20},"end":{"line":69,"column":54}}},"6":{"name":"(anonymous_6)","line":156,"loc":{"start":{"line":156,"column":3},"end":{"line":156,"column":14}}},"7":{"name":"(anonymous_7)","line":166,"loc":{"start":{"line":166,"column":19},"end":{"line":166,"column":30}}},"8":{"name":"makeReplyToObjectAdaptor","line":179,"loc":{"start":{"line":179,"column":0},"end":{"line":179,"column":44}}},"9":{"name":"(anonymous_9)","line":180,"loc":{"start":{"line":180,"column":9},"end":{"line":180,"column":29}}},"10":{"name":"makeUnpackageBuffersAdaptor","line":188,"loc":{"start":{"line":188,"column":0},"end":{"line":188,"column":64}}},"11":{"name":"(anonymous_11)","line":189,"loc":{"start":{"line":189,"column":9},"end":{"line":189,"column":29}}},"12":{"name":"reply_to_object","line":203,"loc":{"start":{"line":203,"column":0},"end":{"line":203,"column":32}}},"13":{"name":"packageBuffer","line":224,"loc":{"start":{"line":224,"column":0},"end":{"line":224,"column":28}}},"14":{"name":"unpackageBuffersAsObjects","line":247,"loc":{"start":{"line":247,"column":0},"end":{"line":247,"column":41}}},"15":{"name":"unpackageBuffersAsStrings","line":259,"loc":{"start":{"line":259,"column":0},"end":{"line":259,"column":41}}}},"statementMap":{"1":{"start":{"line":8,"column":0},"end":{"line":8,"column":21}},"2":{"start":{"line":10,"column":0},"end":{"line":18,"column":13}},"3":{"start":{"line":23,"column":0},"end":{"line":23,"column":40}},"4":{"start":{"line":24,"column":0},"end":{"line":24,"column":28}},"5":{"start":{"line":25,"column":0},"end":{"line":25,"column":28}},"6":{"start":{"line":26,"column":0},"end":{"line":26,"column":28}},"7":{"start":{"line":30,"column":0},"end":{"line":174,"column":2}},"8":{"start":{"line":31,"column":2},"end":{"line":41,"column":3}},"9":{"start":{"line":32,"column":4},"end":{"line":32,"column":19}},"10":{"start":{"line":33,"column":4},"end":{"line":36,"column":5}},"11":{"start":{"line":34,"column":6},"end":{"line":34,"column":26}},"12":{"start":{"line":35,"column":6},"end":{"line":35,"column":26}},"13":{"start":{"line":37,"column":4},"end":{"line":40,"column":5}},"14":{"start":{"line":38,"column":6},"end":{"line":38,"column":41}},"15":{"start":{"line":39,"column":6},"end":{"line":39,"column":16}},"16":{"start":{"line":42,"column":2},"end":{"line":47,"column":56}},"17":{"start":{"line":50,"column":2},"end":{"line":53,"column":4}},"18":{"start":{"line":51,"column":4},"end":{"line":51,"column":26}},"19":{"start":{"line":52,"column":4},"end":{"line":52,"column":22}},"20":{"start":{"line":55,"column":2},"end":{"line":55,"column":41}},"21":{"start":{"line":58,"column":2},"end":{"line":58,"column":59}},"22":{"start":{"line":60,"column":2},"end":{"line":61,"column":21}},"23":{"start":{"line":61,"column":4},"end":{"line":61,"column":21}},"24":{"start":{"line":63,"column":2},"end":{"line":67,"column":4}},"25":{"start":{"line":64,"column":4},"end":{"line":66,"column":6}},"26":{"start":{"line":65,"column":6},"end":{"line":65,"column":97}},"27":{"start":{"line":69,"column":2},"end":{"line":152,"column":4}},"28":{"start":{"line":72,"column":4},"end":{"line":74,"column":5}},"29":{"start":{"line":73,"column":6},"end":{"line":73,"column":111}},"30":{"start":{"line":76,"column":4},"end":{"line":98,"column":5}},"31":{"start":{"line":77,"column":6},"end":{"line":95,"column":7}},"32":{"start":{"line":81,"column":13},"end":{"line":95,"column":7}},"33":{"start":{"line":89,"column":8},"end":{"line":89,"column":57}},"34":{"start":{"line":90,"column":8},"end":{"line":92,"column":9}},"35":{"start":{"line":91,"column":10},"end":{"line":91,"column":32}},"36":{"start":{"line":94,"column":8},"end":{"line":94,"column":87}},"37":{"start":{"line":97,"column":6},"end":{"line":97,"column":72}},"38":{"start":{"line":105,"column":4},"end":{"line":107,"column":5}},"39":{"start":{"line":106,"column":6},"end":{"line":106,"column":62}},"40":{"start":{"line":112,"column":4},"end":{"line":112,"column":35}},"41":{"start":{"line":113,"column":4},"end":{"line":113,"column":13}},"42":{"start":{"line":114,"column":4},"end":{"line":114,"column":20}},"43":{"start":{"line":115,"column":4},"end":{"line":133,"column":5}},"44":{"start":{"line":116,"column":6},"end":{"line":116,"column":24}},"45":{"start":{"line":119,"column":6},"end":{"line":132,"column":7}},"46":{"start":{"line":120,"column":8},"end":{"line":120,"column":37}},"47":{"start":{"line":121,"column":8},"end":{"line":122,"column":28}},"48":{"start":{"line":122,"column":10},"end":{"line":122,"column":28}},"49":{"start":{"line":126,"column":11},"end":{"line":132,"column":7}},"50":{"start":{"line":127,"column":8},"end":{"line":127,"column":129}},"51":{"start":{"line":128,"column":8},"end":{"line":131,"column":20}},"52":{"start":{"line":129,"column":10},"end":{"line":129,"column":31}},"53":{"start":{"line":131,"column":10},"end":{"line":131,"column":20}},"54":{"start":{"line":138,"column":4},"end":{"line":146,"column":5}},"55":{"start":{"line":141,"column":6},"end":{"line":142,"column":54}},"56":{"start":{"line":142,"column":8},"end":{"line":142,"column":54}},"57":{"start":{"line":145,"column":6},"end":{"line":145,"column":67}},"58":{"start":{"line":151,"column":4},"end":{"line":151,"column":42}},"59":{"start":{"line":154,"column":2},"end":{"line":154,"column":36}},"60":{"start":{"line":156,"column":2},"end":{"line":161,"column":6}},"61":{"start":{"line":157,"column":4},"end":{"line":157,"column":13}},"62":{"start":{"line":158,"column":4},"end":{"line":159,"column":31}},"63":{"start":{"line":159,"column":6},"end":{"line":159,"column":31}},"64":{"start":{"line":166,"column":2},"end":{"line":169,"column":5}},"65":{"start":{"line":167,"column":4},"end":{"line":167,"column":20}},"66":{"start":{"line":168,"column":4},"end":{"line":168,"column":21}},"67":{"start":{"line":173,"column":2},"end":{"line":173,"column":12}},"68":{"start":{"line":179,"column":0},"end":{"line":186,"column":1}},"69":{"start":{"line":180,"column":2},"end":{"line":185,"column":4}},"70":{"start":{"line":181,"column":4},"end":{"line":182,"column":35}},"71":{"start":{"line":182,"column":6},"end":{"line":182,"column":35}},"72":{"start":{"line":184,"column":4},"end":{"line":184,"column":24}},"73":{"start":{"line":188,"column":0},"end":{"line":197,"column":1}},"74":{"start":{"line":189,"column":2},"end":{"line":196,"column":4}},"75":{"start":{"line":190,"column":4},"end":{"line":193,"column":42}},"76":{"start":{"line":191,"column":6},"end":{"line":193,"column":42}},"77":{"start":{"line":195,"column":4},"end":{"line":195,"column":24}},"78":{"start":{"line":203,"column":0},"end":{"line":217,"column":1}},"79":{"start":{"line":204,"column":2},"end":{"line":204,"column":32}},"80":{"start":{"line":206,"column":2},"end":{"line":208,"column":3}},"81":{"start":{"line":207,"column":4},"end":{"line":207,"column":16}},"82":{"start":{"line":210,"column":2},"end":{"line":214,"column":3}},"83":{"start":{"line":211,"column":4},"end":{"line":211,"column":30}},"84":{"start":{"line":212,"column":4},"end":{"line":212,"column":23}},"85":{"start":{"line":213,"column":4},"end":{"line":213,"column":19}},"86":{"start":{"line":216,"column":2},"end":{"line":216,"column":13}},"87":{"start":{"line":222,"column":0},"end":{"line":222,"column":34}},"88":{"start":{"line":224,"column":0},"end":{"line":245,"column":1}},"89":{"start":{"line":228,"column":2},"end":{"line":228,"column":38}},"90":{"start":{"line":229,"column":2},"end":{"line":229,"column":41}},"91":{"start":{"line":230,"column":2},"end":{"line":230,"column":21}},"92":{"start":{"line":231,"column":2},"end":{"line":241,"column":3}},"93":{"start":{"line":232,"column":4},"end":{"line":232,"column":18}},"94":{"start":{"line":233,"column":4},"end":{"line":237,"column":7}},"95":{"start":{"line":234,"column":6},"end":{"line":237,"column":7}},"96":{"start":{"line":235,"column":8},"end":{"line":235,"column":19}},"97":{"start":{"line":236,"column":8},"end":{"line":236,"column":14}},"98":{"start":{"line":239,"column":4},"end":{"line":240,"column":22}},"99":{"start":{"line":240,"column":6},"end":{"line":240,"column":22}},"100":{"start":{"line":244,"column":2},"end":{"line":244,"column":48}},"101":{"start":{"line":247,"column":0},"end":{"line":257,"column":1}},"102":{"start":{"line":248,"column":2},"end":{"line":249,"column":47}},"103":{"start":{"line":249,"column":4},"end":{"line":249,"column":47}},"104":{"start":{"line":251,"column":2},"end":{"line":256,"column":16}},"105":{"start":{"line":252,"column":4},"end":{"line":252,"column":67}},"106":{"start":{"line":253,"column":7},"end":{"line":256,"column":16}},"107":{"start":{"line":254,"column":4},"end":{"line":254,"column":47}},"108":{"start":{"line":256,"column":4},"end":{"line":256,"column":16}},"109":{"start":{"line":259,"column":0},"end":{"line":267,"column":1}},"110":{"start":{"line":260,"column":2},"end":{"line":261,"column":47}},"111":{"start":{"line":261,"column":4},"end":{"line":261,"column":47}},"112":{"start":{"line":263,"column":2},"end":{"line":266,"column":16}},"113":{"start":{"line":264,"column":4},"end":{"line":264,"column":84}},"114":{"start":{"line":266,"column":4},"end":{"line":266,"column":16}}},"branchMap":{"1":{"line":31,"type":"if","locations":[{"start":{"line":31,"column":2},"end":{"line":31,"column":2}},{"start":{"line":31,"column":2},"end":{"line":31,"column":2}}]},"2":{"line":31,"type":"binary-expr","locations":[{"start":{"line":31,"column":6},"end":{"line":31,"column":27}},{"start":{"line":31,"column":31},"end":{"line":31,"column":54}}]},"3":{"line":33,"type":"if","locations":[{"start":{"line":33,"column":4},"end":{"line":33,"column":4}},{"start":{"line":33,"column":4},"end":{"line":33,"column":4}}]},"4":{"line":33,"type":"binary-expr","locations":[{"start":{"line":33,"column":8},"end":{"line":33,"column":20}},{"start":{"line":33,"column":24},"end":{"line":33,"column":36}}]},"5":{"line":37,"type":"if","locations":[{"start":{"line":37,"column":4},"end":{"line":37,"column":4}},{"start":{"line":37,"column":4},"end":{"line":37,"column":4}}]},"6":{"line":37,"type":"binary-expr","locations":[{"start":{"line":37,"column":8},"end":{"line":37,"column":19}},{"start":{"line":37,"column":23},"end":{"line":37,"column":35}}]},"7":{"line":38,"type":"binary-expr","locations":[{"start":{"line":38,"column":13},"end":{"line":38,"column":24}},{"start":{"line":38,"column":28},"end":{"line":38,"column":40}}]},"8":{"line":42,"type":"cond-expr","locations":[{"start":{"line":42,"column":28},"end":{"line":42,"column":46}},{"start":{"line":42,"column":49},"end":{"line":42,"column":98}}]},"9":{"line":42,"type":"binary-expr","locations":[{"start":{"line":42,"column":11},"end":{"line":42,"column":16}},{"start":{"line":42,"column":20},"end":{"line":42,"column":25}}]},"10":{"line":42,"type":"binary-expr","locations":[{"start":{"line":42,"column":50},"end":{"line":42,"column":54}},{"start":{"line":42,"column":58},"end":{"line":42,"column":60}}]},"11":{"line":42,"type":"cond-expr","locations":[{"start":{"line":42,"column":74},"end":{"line":42,"column":84}},{"start":{"line":42,"column":87},"end":{"line":42,"column":97}}]},"12":{"line":42,"type":"binary-expr","locations":[{"start":{"line":42,"column":87},"end":{"line":42,"column":91}},{"start":{"line":42,"column":95},"end":{"line":42,"column":97}}]},"13":{"line":43,"type":"cond-expr","locations":[{"start":{"line":43,"column":54},"end":{"line":43,"column":55}},{"start":{"line":43,"column":58},"end":{"line":43,"column":62}}]},"14":{"line":43,"type":"binary-expr","locations":[{"start":{"line":43,"column":12},"end":{"line":43,"column":19}},{"start":{"line":43,"column":23},"end":{"line":43,"column":35}},{"start":{"line":43,"column":39},"end":{"line":43,"column":51}}]},"15":{"line":44,"type":"binary-expr","locations":[{"start":{"line":44,"column":25},"end":{"line":44,"column":37}},{"start":{"line":44,"column":42},"end":{"line":44,"column":68}}]},"16":{"line":46,"type":"binary-expr","locations":[{"start":{"line":46,"column":22},"end":{"line":46,"column":29}},{"start":{"line":46,"column":33},"end":{"line":46,"column":55}}]},"17":{"line":47,"type":"binary-expr","locations":[{"start":{"line":47,"column":22},"end":{"line":47,"column":29}},{"start":{"line":47,"column":33},"end":{"line":47,"column":55}}]},"18":{"line":60,"type":"if","locations":[{"start":{"line":60,"column":2},"end":{"line":60,"column":2}},{"start":{"line":60,"column":2},"end":{"line":60,"column":2}}]},"19":{"line":60,"type":"binary-expr","locations":[{"start":{"line":60,"column":6},"end":{"line":60,"column":13}},{"start":{"line":60,"column":17},"end":{"line":60,"column":32}}]},"20":{"line":72,"type":"if","locations":[{"start":{"line":72,"column":4},"end":{"line":72,"column":4}},{"start":{"line":72,"column":4},"end":{"line":72,"column":4}}]},"21":{"line":76,"type":"if","locations":[{"start":{"line":76,"column":4},"end":{"line":76,"column":4}},{"start":{"line":76,"column":4},"end":{"line":76,"column":4}}]},"22":{"line":77,"type":"if","locations":[{"start":{"line":77,"column":6},"end":{"line":77,"column":6}},{"start":{"line":77,"column":6},"end":{"line":77,"column":6}}]},"23":{"line":81,"type":"if","locations":[{"start":{"line":81,"column":13},"end":{"line":81,"column":13}},{"start":{"line":81,"column":13},"end":{"line":81,"column":13}}]},"24":{"line":90,"type":"if","locations":[{"start":{"line":90,"column":8},"end":{"line":90,"column":8}},{"start":{"line":90,"column":8},"end":{"line":90,"column":8}}]},"25":{"line":90,"type":"binary-expr","locations":[{"start":{"line":90,"column":12},"end":{"line":90,"column":40}},{"start":{"line":90,"column":44},"end":{"line":90,"column":73}}]},"26":{"line":105,"type":"if","locations":[{"start":{"line":105,"column":4},"end":{"line":105,"column":4}},{"start":{"line":105,"column":4},"end":{"line":105,"column":4}}]},"27":{"line":119,"type":"if","locations":[{"start":{"line":119,"column":6},"end":{"line":119,"column":6}},{"start":{"line":119,"column":6},"end":{"line":119,"column":6}}]},"28":{"line":121,"type":"if","locations":[{"start":{"line":121,"column":8},"end":{"line":121,"column":8}},{"start":{"line":121,"column":8},"end":{"line":121,"column":8}}]},"29":{"line":126,"type":"if","locations":[{"start":{"line":126,"column":11},"end":{"line":126,"column":11}},{"start":{"line":126,"column":11},"end":{"line":126,"column":11}}]},"30":{"line":126,"type":"binary-expr","locations":[{"start":{"line":126,"column":15},"end":{"line":126,"column":38}},{"start":{"line":126,"column":42},"end":{"line":126,"column":65}}]},"31":{"line":128,"type":"if","locations":[{"start":{"line":128,"column":8},"end":{"line":128,"column":8}},{"start":{"line":128,"column":8},"end":{"line":128,"column":8}}]},"32":{"line":138,"type":"if","locations":[{"start":{"line":138,"column":4},"end":{"line":138,"column":4}},{"start":{"line":138,"column":4},"end":{"line":138,"column":4}}]},"33":{"line":141,"type":"if","locations":[{"start":{"line":141,"column":6},"end":{"line":141,"column":6}},{"start":{"line":141,"column":6},"end":{"line":141,"column":6}}]},"34":{"line":181,"type":"if","locations":[{"start":{"line":181,"column":4},"end":{"line":181,"column":4}},{"start":{"line":181,"column":4},"end":{"line":181,"column":4}}]},"35":{"line":181,"type":"binary-expr","locations":[{"start":{"line":181,"column":8},"end":{"line":181,"column":12}},{"start":{"line":181,"column":16},"end":{"line":181,"column":20}}]},"36":{"line":190,"type":"if","locations":[{"start":{"line":190,"column":4},"end":{"line":190,"column":4}},{"start":{"line":190,"column":4},"end":{"line":190,"column":4}}]},"37":{"line":191,"type":"cond-expr","locations":[{"start":{"line":192,"column":10},"end":{"line":192,"column":41}},{"start":{"line":193,"column":10},"end":{"line":193,"column":41}}]},"38":{"line":206,"type":"if","locations":[{"start":{"line":206,"column":2},"end":{"line":206,"column":2}},{"start":{"line":206,"column":2},"end":{"line":206,"column":2}}]},"39":{"line":231,"type":"if","locations":[{"start":{"line":231,"column":2},"end":{"line":231,"column":2}},{"start":{"line":231,"column":2},"end":{"line":231,"column":2}}]},"40":{"line":234,"type":"if","locations":[{"start":{"line":234,"column":6},"end":{"line":234,"column":6}},{"start":{"line":234,"column":6},"end":{"line":234,"column":6}}]},"41":{"line":239,"type":"if","locations":[{"start":{"line":239,"column":4},"end":{"line":239,"column":4}},{"start":{"line":239,"column":4},"end":{"line":239,"column":4}}]},"42":{"line":248,"type":"if","locations":[{"start":{"line":248,"column":2},"end":{"line":248,"column":2}},{"start":{"line":248,"column":2},"end":{"line":248,"column":2}}]},"43":{"line":251,"type":"if","locations":[{"start":{"line":251,"column":2},"end":{"line":251,"column":2}},{"start":{"line":251,"column":2},"end":{"line":251,"column":2}}]},"44":{"line":251,"type":"binary-expr","locations":[{"start":{"line":251,"column":6},"end":{"line":251,"column":30}},{"start":{"line":251,"column":34},"end":{"line":251,"column":67}}]},"45":{"line":253,"type":"if","locations":[{"start":{"line":253,"column":7},"end":{"line":253,"column":7}},{"start":{"line":253,"column":7},"end":{"line":253,"column":7}}]},"46":{"line":260,"type":"if","locations":[{"start":{"line":260,"column":2},"end":{"line":260,"column":2}},{"start":{"line":260,"column":2},"end":{"line":260,"column":2}}]},"47":{"line":263,"type":"if","locations":[{"start":{"line":263,"column":2},"end":{"line":263,"column":2}},{"start":{"line":263,"column":2},"end":{"line":263,"column":2}}]},"48":{"line":263,"type":"binary-expr","locations":[{"start":{"line":263,"column":6},"end":{"line":263,"column":30}},{"start":{"line":263,"column":34},"end":{"line":263,"column":67}}]}},"code":["\"use strict\";","","// By default fakeredis simulates a ridiculous amount of network latency","// to help you discover race-conditions when testing multi-client setups.","// Instantiate your 'clients' with a truthy .fast option,","// or set it here globally to make things go a bit faster.","","exports.fast = false;","","var index = require(\"redis\")","  , Backend = require(\"./lib/backend\").Backend","  , Connection = require(\"./lib/connection\").Connection","  , helpers = require(\"./lib/helpers\")","","  , backends = {}","  , RedisClient = index.RedisClient","","  , anon = 0;","","","// Re-export redis exports.","","exports.RedisClient = index.RedisClient;","exports.Multi = index.Multi;","exports.print = index.print;","exports.backends = backends;","","// Overriden client factory.","","exports.createClient = function(port, host, options) {","  if (arguments.length == 1 && typeof port == \"object\") { ","    options = port;","    if (options.port || options.host) {","      port = options.port;","      host = options.host;","    }","    if (options.url || options.path) { ","      host = options.url || options.path;","      port = \"\";","    }","  }","  var id = !port && !host ? 'fake_' + (++anon) : (host || \"\") + ((port) ? \":\" + port : null || \"\")","    , lat = options && options.fast || exports.fast ? 1 : null","    , c = new Connection(backends[id] || (backends[id] = new Backend), lat, lat)","    , real_create_stream = RedisClient.prototype.create_stream","    , returnBuffers = options && options.return_buffers","    , detectBuffers = options && options.detect_buffers;","","  // Mock create_stream to create a new RedisClient without creating a socket","  RedisClient.prototype.create_stream = function () {","    this.connected = true;","    this.ready = true;","  };","","  var cl = new RedisClient(/* options */)","","  // Replace the mocked create_stream function again with the original one","  RedisClient.prototype.create_stream = real_create_stream;","","  if (options && options.verbose)","    c.verbose = true;","","  cl.end = function() {","    cl.send_command = function(command) {","      throw new Error(\"fakeredis: You've closed this connection with .end(), cannot \" + command);","    };","  };","","  cl.send_command = function(command, args, callback) {","","    // Interpret arguments, copy-paste from mranney/redis/index.js for best compat.","    if (typeof command !== \"string\") {","      throw new Error(\"First argument to send_command must be the command name string, not \" + typeof command);","    }","","    if (Array.isArray(args)) {","      if (typeof callback === \"function\") {","        // probably the fastest way:","        //     client.command([arg1, arg2], cb);  (straight passthrough)","        //         send_command(command, [arg1, arg2], cb);","      } else if (! callback) {","        // most people find this variable argument length form more convenient, but it uses arguments, which is slower","        //     client.command(arg1, arg2, cb);   (wraps up arguments into an array)","        //       send_command(command, [arg1, arg2, cb]);","        //     client.command(arg1, arg2);   (callback is optional)","        //       send_command(command, [arg1, arg2]);","        //     client.command(arg1, arg2, undefined);   (callback is undefined)","        //       send_command(command, [arg1, arg2, undefined]);","        var last_arg_type = typeof args[args.length - 1];","        if (last_arg_type === \"function\" || last_arg_type === \"undefined\") {","          callback = args.pop();","        }","      } else {","        throw new Error(\"send_command: last argument must be a callback or undefined\");","      }","    } else {","      throw new Error(\"send_command: second argument must be an array\");","    }","","    // if the last argument is an array, expand it out.  This allows commands like this:","    //     client.command(arg1, [arg2, arg3, arg4], cb);","    //  and converts to:","    //     client.command(arg1, arg2, arg3, arg4, cb);","    // which is convenient for some things like sadd","    if (Array.isArray(args[args.length - 1])) {","      args = args.slice(0, - 1).concat(args[args.length - 1]);","    }","","","    // Arg check.","","    var useBuffers = returnBuffers;","    var i, n;","    n = args.length;","    for (i = 0; i < n; i++) {","      var arg = args[i];","","      // buf support","      if (Buffer.isBuffer(arg)) {","        args[i] = packageBuffer(arg);","        if (detectBuffers)","          useBuffers = true;","      }","","      // lint","      else if (typeof arg !== 'string' && typeof arg !== 'number') {","        var err = new Error(\"fakeredis/lint: Argument #\" + i + \" for \" + command + \" is not a String, Buffer or Number: \" + arg);","        if (callback)","          return callback(err);","        else","          throw err;","      }","    }","","","    // Callback middleware.","","    if (callback) {","","      // hgetall sugar","      if (/^hgetall/i.test(command))","        callback = makeReplyToObjectAdaptor(callback);","","      // buffer support","      callback = makeUnpackageBuffersAdaptor(useBuffers, callback);","    }","","","    //","","    c.push(this, command, args, callback);","  };","","  cl.pushMessage = cl.emit.bind(cl);","","  (function() {","    var prop;","    for (prop in helpers)","      cl[prop] = helpers[prop];","  }","  ());","","","  // Schedule some events.","","  process.nextTick(function() {","    cl.ready = true;","    cl.emit('ready');","  });","","","  //","  return cl;","};","","","//","","function makeReplyToObjectAdaptor(callback) {","  return function(err, data) {","    if (!err && data)","      data = reply_to_object(data);","","    callback(err, data);","  };","}","","function makeUnpackageBuffersAdaptor(returnAsBuffers, callback) {","  return function(err, data) {","    if (!err)","      data = returnAsBuffers","        ? unpackageBuffersAsObjects(data)","        : unpackageBuffersAsStrings(data);","","    callback(err, data);","  };","}","","","// Helpers for node_redis compat.","","// hgetall converts its replies to an Object.  If the reply is empty, null is returned.","function reply_to_object(reply) {","  var obj = {}, j, jl, key, val;","","  if (reply.length === 0) {","    return null;","  }","","  for (j = 0, jl = reply.length; j < jl; j += 2) {","    key = reply[j].toString();","    val = reply[j + 1];","    obj[key] = val;","  }","","  return obj;","}","","","// I realize this is possibly the most idiotic way to add support for buffers.","","var BUFFER_PREFIX = \"\\t!bUF?!1\\t\";","","function packageBuffer(buf) {","","  // If possible, try storing the buffer as a utf8 string.","  // For this to work baking the string back to a buffer must yield the exact same bytes.","  var asString = buf.toString('utf8');","  var enc = new Buffer(asString, 'utf8');","  var n = enc.length;","  if (n === buf.length) {","    var ok = true;","    while (n--)","      if (buf[n] !== enc[n]) {","        ok = false;","        break;","      }","","    if (ok)","      return asString;","  }","","  // If not possible, keep the buffer as a prefixed, base64 encoded string internally.","  return BUFFER_PREFIX + buf.toString('base64');","}","","function unpackageBuffersAsObjects(data) {","  if (Array.isArray(data))","    return data.map(unpackageBuffersAsObjects);","","  if (typeof data === 'string' && data.indexOf(BUFFER_PREFIX) === 0)","    return new Buffer(data.substr(BUFFER_PREFIX.length), 'base64');","  else if (data)","    return new Buffer(data.toString(), 'utf8');","  else","    return null;","}","","function unpackageBuffersAsStrings(data) {","  if (Array.isArray(data))","    return data.map(unpackageBuffersAsStrings);","","  if (typeof data === 'string' && data.indexOf(BUFFER_PREFIX) === 0)","    return new Buffer(data.substr(BUFFER_PREFIX.length), 'base64').toString('utf8');","  else","    return data;","}","",""],"l":{"8":1,"10":1,"23":1,"24":1,"25":1,"26":1,"30":1,"31":0,"32":0,"33":0,"34":0,"35":0,"37":0,"38":0,"39":0,"42":0,"50":0,"51":0,"52":0,"55":0,"58":0,"60":0,"61":0,"63":0,"64":0,"65":0,"69":0,"72":0,"73":0,"76":0,"77":0,"81":0,"89":0,"90":0,"91":0,"94":0,"97":0,"105":0,"106":0,"112":0,"113":0,"114":0,"115":0,"116":0,"119":0,"120":0,"121":0,"122":0,"126":0,"127":0,"128":0,"129":0,"131":0,"138":0,"141":0,"142":0,"145":0,"151":0,"154":0,"156":0,"157":0,"158":0,"159":0,"166":0,"167":0,"168":0,"173":0,"179":1,"180":0,"181":0,"182":0,"184":0,"188":1,"189":0,"190":0,"191":0,"195":0,"203":1,"204":0,"206":0,"207":0,"210":0,"211":0,"212":0,"213":0,"216":0,"222":1,"224":1,"228":0,"229":0,"230":0,"231":0,"232":0,"233":0,"234":0,"235":0,"236":0,"239":0,"240":0,"244":0,"247":1,"248":0,"249":0,"251":0,"252":0,"253":0,"254":0,"256":0,"259":1,"260":0,"261":0,"263":0,"264":0,"266":0}},"/home/travis/build/npmtest/node-npmtest-fakeredis/node_modules/fakeredis/lib/backend.js":{"path":"/home/travis/build/npmtest/node-npmtest-fakeredis/node_modules/fakeredis/lib/backend.js","s":{"1":1,"2":12,"3":0,"4":12,"5":0,"6":1,"7":1,"8":1,"9":1,"10":1,"11":1,"12":1,"13":1,"14":1,"15":1,"16":1,"17":1,"18":1,"19":3,"20":0,"21":3,"22":0,"23":1,"24":1,"25":1,"26":1,"27":1,"28":5,"29":0,"30":0,"31":0,"32":0,"33":0,"34":5,"35":0,"36":5,"37":5,"38":0,"39":5,"40":5,"41":1,"42":0,"43":1,"44":0,"45":1,"46":0,"47":1,"48":0,"49":1,"50":0,"51":1,"52":0,"53":1,"54":0,"55":0,"56":0,"57":0,"58":1,"59":0,"60":0,"61":0,"62":0,"63":0,"64":0,"65":0,"66":0,"67":0,"68":0,"69":0,"70":0,"71":0,"72":1,"73":0,"74":0,"75":0,"76":0,"77":0,"78":0,"79":0,"80":0,"81":0,"82":0,"83":0,"84":0,"85":0,"86":0,"87":0,"88":0,"89":0,"90":0,"91":0,"92":0,"93":0,"94":0,"95":0,"96":0,"97":1,"98":0,"99":0,"100":0,"101":0,"102":0,"103":0,"104":0,"105":0,"106":0,"107":0,"108":1,"109":0,"110":0,"111":0,"112":0,"113":1,"114":0,"115":0,"116":0,"117":0,"118":0,"119":1,"120":0,"121":0,"122":0,"123":0,"124":1,"125":0,"126":0,"127":0,"128":0,"129":0,"130":0,"131":0,"132":0,"133":0,"134":0,"135":0,"136":0,"137":0,"138":0,"139":0,"140":0,"141":0,"142":0,"143":0,"144":0,"145":0,"146":0,"147":0,"148":0,"149":0,"150":0,"151":0,"152":0,"153":0,"154":0,"155":0,"156":0,"157":0,"158":0,"159":0,"160":0,"161":0,"162":0,"163"
[...]
204":0,"205":0,"206":0,"207":0,"208":0,"209":0,"211":0,"212":0,"213":0,"219":0,"220":0,"223":0,"224":0,"231":1,"234":0,"235":0,"237":0,"243":1,"244":0,"250":1,"251":0,"252":0,"254":0,"260":1,"261":0,"262":0,"263":0,"265":0,"266":0,"268":0,"270":0,"271":0,"272":0,"274":0,"275":0,"277":0,"278":0,"280":0,"281":0,"282":0,"283":0,"286":0,"287":0,"289":0,"290":0,"291":0,"295":0,"296":0,"297":0,"300":0,"301":0,"302":0,"304":0,"305":0,"306":0,"307":0,"309":0,"310":0,"312":0,"316":0,"317":0,"318":0,"319":0,"321":0,"322":0,"324":0,"325":0,"326":0,"329":0,"330":0,"332":0,"333":0,"336":1,"337":0,"339":0,"341":0,"342":0,"343":0,"349":1,"350":0,"351":0,"353":0,"354":0,"356":0,"357":0,"359":0,"360":0,"361":0,"362":0,"366":0,"369":0,"375":1,"376":0,"377":0,"379":0,"380":0,"381":0,"383":0,"384":0,"386":0,"387":0,"390":0,"393":1,"394":0,"395":0,"397":0,"398":0,"399":0,"401":0,"402":0,"404":0,"405":0,"408":0,"414":1,"415":0,"416":0,"417":0,"418":0,"419":0,"421":0,"422":0,"424":0,"430":1,"432":0,"438":0,"439":0,"441":0,"442":0,"444":1,"445":0,"451":1,"452":0,"455":0,"456":0,"457":0,"458":0,"461":0,"464":0,"465":0,"466":0,"468":0,"469":0}},"/home/travis/build/npmtest/node-npmtest-fakeredis/node_modules/fakeredis/lib/helpers.js":{"path":"/home/travis/build/npmtest/node-npmtest-fakeredis/node_modules/fakeredis/lib/helpers.js","s":{"1":1,"2":1,"3":1,"4":1,"5":0,"6":1,"7":0,"8":0,"9":0,"10":0,"11":0,"12":0,"13":0,"14":0,"15":0,"16":0,"17":0,"18":0,"19":0,"20":0,"21":0,"22":0,"23":0,"24":0,"25":0,"26":0,"27":0,"28":0,"29":0,"30":0,"31":0,"32":0,"33":0,"34":0,"35":0,"36":1,"37":0,"38":0,"39":0,"40":0,"41":0,"42":0,"43":0,"44":0,"45":0,"46":0,"47":0,"48":0,"49":0,"50":0,"51":0,"52":0,"53":0,"54":0,"55":0,"56":0,"57":0,"58":0,"59":0,"60":0,"61":0,"62":0,"63":0,"64":0,"65":1,"66":0,"67":0,"68":0,"69":0,"70":0,"71":0,"72":0,"73":0,"74":0,"75":0,"76":0,"77":0,"78":0,"79":0,"80":0,"81":0,"82":0,"83":0},"b":{"1":[0,0],"2":[0,0,0],"3":[0,0,0],"4":[0,0,0],"5":[0,0],"6":[0,0],"7":[0,0],"8":[0,0],"9":[0,0],"10":[0,0],"11":[0,0],"12":[0,0],"13":[0,0],"14":[0,0],"15":[0,0],"16":[0,0,0],"17":[0,0],"18":[0,0],"19":[0,0],"20":[0,0],"21":[0,0],"22":[0,0],"23":[0,0],"24":[0,0],"25":[0,0],"26":[0,0],"27":[0,0],"28":[0,0,0],"29":[0,0],"30":[0,0],"31":[0,0]},"f":{"1":1,"2":0,"3":0,"4":0,"5":0,"6":0,"7":0,"8":0,"9":0,"10":0,"11":0},"fnMap":{"1":{"name":"(anonymous_1)","line":7,"loc":{"start":{"line":7,"column":1},"end":{"line":7,"column":12}}},"2":{"name":"(anonymous_2)","line":22,"loc":{"start":{"line":22,"column":12},"end":{"line":22,"column":33}}},"3":{"name":"(anonymous_3)","line":31,"loc":{"start":{"line":31,"column":17},"end":{"line":31,"column":35}}},"4":{"name":"(anonymous_4)","line":41,"loc":{"start":{"line":41,"column":51},"end":{"line":41,"column":71}}},"5":{"name":"(anonymous_5)","line":72,"loc":{"start":{"line":72,"column":24},"end":{"line":72,"column":48}}},"6":{"name":"(anonymous_6)","line":89,"loc":{"start":{"line":89,"column":22},"end":{"line":89,"column":50}}},"7":{"name":"(anonymous_7)","line":107,"loc":{"start":{"line":107,"column":9},"end":{"line":107,"column":29}}},"8":{"name":"(anonymous_8)","line":121,"loc":{"start":{"line":121,"column":9},"end":{"line":121,"column":29}}},"9":{"name":"(anonymous_9)","line":139,"loc":{"start":{"line":139,"column":24},"end":{"line":139,"column":39}}},"10":{"name":"(anonymous_10)","line":144,"loc":{"start":{"line":144,"column":4},"end":{"line":144,"column":23}}},"11":{"name":"(anonymous_11)","line":159,"loc":{"start":{"line":159,"column":35},"end":{"line":159,"column":55}}}},"statementMap":{"1":{"start":{"line":6,"column":0},"end":{"line":6,"column":12}},"2":{"start":{"line":7,"column":0},"end":{"line":26,"column":4}},"3":{"start":{"line":8,"column":2},"end":{"line":20,"column":4}},"4":{"start":{"line":22,"column":2},"end":{"line":24,"column":4}},"5":{"start":{"line":23,"column":4},"end":{"line":23,"column":59}},"6":{"start":{"line":31,"column":0},"end":{"line":84,"column":2}},"7":{"start":{"line":32,"column":2},"end":{"line":32,"column":27}},"8":{"start":{"line":34,"column":2},"end":{"line":35,"column":35}},"9":{"start":{"line":35,"column":4},"end":{"line":35,"column":35}},"10":{"start":{"line":37,"column":2},"end":{"line":37,"column":48}},"11":{"start":{"line":38,"column":2},"end":{"line":38,"column":40}},"12":{"start":{"line":39,"column":2},"end":{"line":39,"column":62}},"13":{"start":{"line":41,"column":2},"end":{"line":83,"column":5}},"14":{"start":{"line":42,"column":4},"end":{"line":42,"column":65}},"15":{"start":{"line":44,"column":4},"end":{"line":45,"column":16}},"16":{"start":{"line":45,"column":6},"end":{"line":45,"column":16}},"17":{"start":{"line":46,"column":4},"end":{"line":49,"column":33}},"18":{"start":{"line":47,"column":6},"end":{"line":47,"column":68}},"19":{"start":{"line":49,"column":6},"end":{"line":49,"column":33}},"20":{"start":{"line":51,"column":4},"end":{"line":82,"column":5}},"21":{"start":{"line":52,"column":6},"end":{"line":52,"column":20}},"22":{"start":{"line":53,"column":6},"end":{"line":53,"column":24}},"23":{"start":{"line":54,"column":6},"end":{"line":54,"column":25}},"24":{"start":{"line":55,"column":6},"end":{"line":55,"column":26}},"25":{"start":{"line":57,"column":6},"end":{"line":57,"column":22}},"26":{"start":{"line":58,"column":6},"end":{"line":65,"column":22}},"27":{"start":{"line":59,"column":8},"end":{"line":59,"column":24}},"28":{"start":{"line":60,"column":11},"end":{"line":65,"column":22}},"29":{"start":{"line":61,"column":8},"end":{"line":61,"column":25}},"30":{"start":{"line":62,"column":11},"end":{"line":65,"column":22}},"31":{"start":{"line":63,"column":8},"end":{"line":63,"column":23}},"32":{"start":{"line":64,"column":11},"end":{"line":65,"column":22}},"33":{"start":{"line":65,"column":8},"end":{"line":65,"column":22}},"34":{"start":{"line":68,"column":6},"end":{"line":81,"column":8}},"35":{"start":{"line":74,"column":16},"end":{"line":74,"column":98}},"36":{"start":{"line":89,"column":0},"end":{"line":134,"column":2}},"37":{"start":{"line":90,"column":2},"end":{"line":90,"column":9}},"38":{"start":{"line":92,"column":2},"end":{"line":95,"column":3}},"39":{"start":{"line":93,"column":4},"end":{"line":93,"column":23}},"40":{"start":{"line":94,"column":4},"end":{"line":94,"column":19}},"41":{"start":{"line":97,"column":2},"end":{"line":98,"column":35}},"42":{"start":{"line":98,"column":4},"end":{"line":98,"column":35}},"43":{"start":{"line":99,"column":2},"end":{"line":100,"column":60}},"44":{"start":{"line":100,"column":4},"end":{"line":100,"column":60}},"45":{"start":{"line":103,"column":2},"end":{"line":103,"column":16}},"46":{"start":{"line":106,"column":2},"end":{"line":131,"column":6}},"47":{"start":{"line":107,"column":4},"end":{"line":117,"column":6}},"48":{"start":{"line":108,"column":6},"end":{"line":108,"column":20}},"49":{"start":{"line":109,"column":6},"end":{"line":114,"column":7}},"50":{"start":{"line":110,"column":8},"end":{"line":110,"column":17}},"51":{"start":{"line":111,"column":8},"end":{"line":111,"column":24}},"52":{"start":{"line":112,"column":8},"end":{"line":113,"column":37}},"53":{"start":{"line":113,"column":10},"end":{"line":113,"column":37}},"54":{"start":{"line":116,"column":6},"end":{"line":116,"column":25}},"55":{"start":{"line":120,"column":7},"end":{"line":131,"column":6}},"56":{"start":{"line":121,"column":4},"end":{"line":131,"column":6}},"57":{"start":{"line":122,"column":6},"end":{"line":122,"column":20}},"58":{"start":{"line":123,"column":6},"end":{"line":128,"column":7}},"59":{"start":{"line":124,"column":8},"end":{"line":124,"column":17}},"60":{"start":{"line":125,"column":8},"end":{"line":125,"column":24}},"61":{"start":{"line":126,"column":8},"end":{"line":127,"column":37}},"62":{"start":{"line":127,"column":10},"end":{"line":127,"column":37}},"63":{"start":{"line":130,"column":6},"end":{"line":130,"column":25}},"64":{"start":{"line":133,"column":2},"end":{"line":133,"column":74}},"65":{"start":{"line":139,"column":0},"end":{"line":172,"column":2}},"66":{"start":{"line":140,"column":2},"end":{"line":141,"column":27}},"67":{"start":{"line":143,"column":2},"end":{"line":171,"column":16}},"68":{"start":{"line":145,"column":6},"end":{"line":145,"column":42}},"69":{"start":{"line":147,"column":6},"end":{"line":151,"column":7}},"70":{"start":{"line":148,"column":8},"end":{"line":148,"column":29}},"71":{"start":{"line":149,"column":8},"end":{"line":149,"column":30}},"72":{"start":{"line":150,"column":8},"end":{"line":150,"column":15}},"73":{"start":{"line":153,"column":6},"end":{"line":157,"column":7}},"74":{"start":{"line":154,"column":8},"end":{"line":154,"column":29}},"75":{"start":{"line":155,"column":8},"end":{"line":155,"column":41}},"76":{"start":{"line":156,"column":8},"end":{"line":156,"column":15}},"77":{"start":{"line":159,"column":6},"end":{"line":168,"column":9}},"78":{"start":{"line":160,"column":8},"end":{"line":164,"column":9}},"79":{"start":{"line":161,"column":10},"end":{"line":161,"column":31}},"80":{"start":{"line":162,"column":10},"end":{"line":162,"column":23}},"81":{"start":{"line":163,"column":10},"end":{"line":163,"column":17}},"82":{"start":{"line":166,"column":8},"end":{"line":166,"column":58}},"83":{"start":{"line":167,"column":8},"end":{"line":167,"column":38}}},"branchMap":{"1":{"line":34,"type":"if","locations":[{"start":{"line":34,"column":2},"end":{"line":34,"column":2}},{"start":{"line":34,"column":2},"end":{"line":34,"column":2}}]},"2":{"line":37,"type":"binary-expr","locations":[{"start":{"line":37,"column":13},"end":{"line":37,"column":20}},{"start":{"line":37,"column":24},"end":{"line":37,"column":39}},{"start":{"line":37,"column":44},"end":{"line":37,"column":47}}]},"3":{"line":38,"type":"binary-expr","locations":[{"start":{"line":38,"column":10},"end":{"line":38,"column":17}},{"start":{"line":38,"column":21},"end":{"line":38,"column":33}},{"start":{"line":38,"column":38},"end":{"line":38,"column":39}}]},"4":{"line":39,"type":"binary-expr","locations":[{"start":{"line":39,"column":11},"end":{"line":39,"column":18}},{"start":{"line":39,"column":22},"end":{"line":39,"column":35}},{"start":{"line":39,"column":40},"end":{"line":39,"column":61}}]},"5":{"line":41,"type":"binary-expr","locations":[{"start":{"line":41,"column":34},"end":{"line":41,"column":41}},{"start":{"line":41,"column":45},"end":{"line":41,"column":48}}]},"6":{"line":42,"type":"binary-expr","locations":[{"start":{"line":42,"column":15},"end":{"line":42,"column":19}},{"start":{"line":42,"column":23},"end":{"line":42,"column":34}}]},"7":{"line":44,"type":"if","locations":[{"start":{"line":44,"column":4},"end":{"line":44,"column":4}},{"start":{"line":44,"column":4},"end":{"line":44,"column":4}}]},"8":{"line":46,"type":"if","locations":[{"start":{"line":46,"column":4},"end":{"line":46,"column":4}},{"start":{"line":46,"column":4},"end":{"line":46,"column":4}}]},"9":{"line":58,"type":"if","locations":[{"start":{"line":58,"column":6},"end":{"line":58,"column":6}},{"start":{"line":58,"column":6},"end":{"line":58,"column":6}}]},"10":{"line":60,"type":"if","locations":[{"start":{"line":60,"column":11},"end":{"line":60,"column":11}},{"start":{"line":60,"column":11},"end":{"line":60,"column":11}}]},"11":{"line":62,"type":"if","locations":[{"start":{"line":62,"column":11},"end":{"line":62,"column":11}},{"start":{"line":62,"column":11},"end":{"line":62,"column":11}}]},"12":{"line":64,"type":"if","locations":[{"start":{"line":64,"column":11},"end":{"line":64,"column":11}},{"start":{"line":64,"column":11},"end":{"line":64,"column":11}}]},"13":{"line":69,"type":"cond-expr","locations":[{"start":{"line":69,"column":93},"end":{"line":69,"column":101}},{"start":{"line":69,"column":104},"end":{"line":69,"column":110}}]},"14":{"line":70,"type":"cond-expr","locations":[{"start":{"line":72,"column":14},"end":{"line":76,"column":27}},{"start":{"line":78,"column":14},"end":{"line":78,"column":35}}]},"15":{"line":74,"type":"cond-expr","locations":[{"start":{"line":74,"column":60},"end":{"line":74,"column":66}},{"start":{"line":74,"column":69},"end":{"line":74,"column":71}}]},"16":{"line":74,"type":"binary-expr","locations":[{"start":{"line":74,"column":24},"end":{"line":74,"column":28}},{"start":{"line":74,"column":32},"end":{"line":74,"column":37}},{"start":{"line":74,"column":41},"end":{"line":74,"column":58}}]},"17":{"line":92,"type":"if","locations":[{"start":{"line":92,"column":2},"end":{"line":92,"column":2}},{"start":{"line":92,"column":2},"end":{"line":92,"column":2}}]},"18":{"line":92,"type":"binary-expr","locations":[{"start":{"line":92,"column":6},"end":{"line":92,"column":15}},{"start":{"line":92,"column":19},"end":{"line":92,"column":48}}]},"19":{"line":97,"type":"if","locations":[{"start":{"line":97,"column":2},"end":{"line":97,"column":2}},{"start":{"line":97,"column":2},"end":{"line":97,"column":2}}]},"20":{"line":99,"type":"if","locations":[{"start":{"line":99,"column":2},"end":{"line":99,"column":2}},{"start":{"line":99,"column":2},"end":{"line":99,"column":2}}]},"21":{"line":99,"type":"binary-expr","locations":[{"start":{"line":99,"column":6},"end":{"line":99,"column":15}},{"start":{"line":99,"column":19},"end":{"line":99,"column":49}}]},"22":{"line":106,"type":"if","locations":[{"start":{"line":106,"column":2},"end":{"line":106,"column":2}},{"start":{"line":106,"column":2},"end":{"line":106,"column":2}}]},"23":{"line":106,"type":"binary-expr","locations":[{"start":{"line":106,"column":6},"end":{"line":106,"column":13}},{"start":{"line":106,"column":17},"end":{"line":106,"column":28}}]},"24":{"line":109,"type":"if","locations":[{"start":{"line":109,"column":6},"end":{"line":109,"column":6}},{"start":{"line":109,"column":6},"end":{"line":109,"column":6}}]},"25":{"line":120,"type":"if","locations":[{"start":{"line":120,"column":7},"end":{"line":120,"column":7}},{"start":{"line":120,"column":7},"end":{"line":120,"column":7}}]},"26":{"line":120,"type":"binary-expr","locations":[{"start":{"line":120,"column":11},"end":{"line":120,"column":18}},{"start":{"line":120,"column":22},"end":{"line":120,"column":35}}]},"27":{"line":123,"type":"if","locations":[{"start":{"line":123,"column":6},"end":{"line":123,"column":6}},{"start":{"line":123,"column":6},"end":{"line":123,"column":6}}]},"28":{"line":133,"type":"binary-expr","locations":[{"start":{"line":133,"column":34},"end":{"line":133,"column":41}},{"start":{"line":133,"column":45},"end":{"line":133,"column":60}},{"start":{"line":133,"column":64},"end":{"line":133,"column":67}}]},"29":{"line":147,"type":"if","locations":[{"start":{"line":147,"column":6},"end":{"line":147,"column":6}},{"start":{"line":147,"column":6},"end":{"line":147,"column":6}}]},"30":{"line":153,"type":"if","locations":[{"start":{"line":153,"column":6},"end":{"line":153,"column":6}},{"start":{"line":153,"column":6},"end":{"line":153,"column":6}}]},"31":{"line":160,"type":"if","locations":[{"start":{"line":160,"column":8},"end":{"line":160,"column":8}},{"start":{"line":160,"column":8},"end":{"line":160,"column":8}}]}},"code":["\"use strict\";","","","// Stylize a string alla vows","","var stylize;","(function() {","  var styles = {","    bold: '1'","  , italic: '3'","  , underline: '4'","  , grey: '90'","  , red: '1;31'","  , green: '1;32'","  , yellow: '1;33'","  , blue: '1;34'","  , magenta: '1;35'","  , cyan: '1;36'","  , white: '1;37'","  };","","  stylize = function(str, style) {","    return '\\x1B[' + styles[style] + 'm' + str + '\\x1B[0m';","  };","}","());","","","// Prettyprint a subset of the keyspace of the fakeredis instance.","","exports.pretty = function(options) {","  var pattern, wrap, label;","","  if (typeof options === 'string')","    options = { pattern: options };","","  pattern = (options && options.pattern) || \"*\";","  wrap = (options && options.wrap) || 4;","  label = (options && options.label) || \"keyspace \" + pattern;","","  this.send_command(\"FAKE_DUMP\", [pattern || \"*\"], function(err, dump) {","    var i, n = dump && dump.length, style, key, ttl, type, value;","","    if (err)","      throw err;","    if (label)","      process.stdout.write('\\n' + stylize(label, 'bold') + ':\\n\\n');","    else","      process.stdout.write('\\n');","","    for (i = 0; i < n; i += 4) {","      key = dump[i];","      ttl = dump[i + 1];","      type = dump[i + 2];","      value = dump[i + 3];","","      style = 'white';","      if (type === 'list')","        style = 'green';","      else if (type === 'hash')","        style = 'yellow';","      else if (type === 'set')","        style = 'cyan';","      else if (type === 'zset')","        style = 'red';","","      /*jshint loopfunc:true*/","      process.stdout.write(","        stylize(type, 'bold') + '\\t' + stylize(key, 'bold') + '\\n' + stylize(ttl, ttl >= 0 ? 'italic' : 'grey') + '\\t' + (","            value.map","","            ? value.map(function(member, index) {","                /*jshint -W018*/","                return (wrap && index && !((index) % wrap)? '\\n\\t' : '') + stylize(member, style);","              })","              .join(', \\t')","","            : stylize(value, style)","","          ) + '\\n\\n'","      );","    }","  });","};","","","// Get a subset of the keyspace of the fakeredis instance.","","exports.getKeyspace = function(options, callback) {","  var cb;","","  if (!callback && typeof options === 'function') {","    callback = options;","    options = null;","  }","","  if (typeof options === 'string')","    options = { pattern: options };","  if (!callback || typeof callback !== 'function')","    throw new Error(\"You didn't provide a valid callback.\");","","  // By default respond with an array of [ key, ttl, type, value, key2, ttl2, type2, value2, ... ]","  cb = callback;","","  // Respond with a key-value map.","  if (options && options.map)","    cb = function(err, data) {","      var out, i, n;","      if (data) {","        out = {};","        n = data.length;","        for (i = 0; i < n; i += 4)","          out[data[i]] = data[i + 3];","      }","","      callback(err, out);","    };","","  // Respond with an array of arrays.","  else if (options && options.group)","    cb = function(err, data) {","      var out, i, n;","      if (data) {","        out = [];","        n = data.length;","        for (i = 0; i < n; i += 4)","          out.push(data.slice(i, 4));","      }","","      callback(err, out);","    };","","  this.send_command(\"FAKE_DUMP\", [options && options.pattern || \"*\"], cb);","};","","","// Serve getKeyspace() as JSON from localhost:[port]/keyspace.json","","exports.serveKeyspace = function(port) {","  var self = this","    , url = require(\"url\");","","  require(\"http\").createServer(","    function(req, res) {","      var data = url.parse(req.url, true);","","      if (data.pathname !== '/keyspace.json') {","        res.statusCode = 404;","        res.end(\"Not found.\");","        return;","      }","","      if (req.method !== 'GET') {","        res.statusCode = 405;","        res.end(\"Method not supported.\");","        return;","      }","","      self.getKeyspace(data.query, function(err, data) {","        if (err) {","          res.statusCode = 500;","          res.end(err);","          return;","        }","","        res.setHeader(\"Content-Type\", \"application/json\");","        res.end(JSON.stringify(data));","      });","    }","  )","  .listen(port);","};",""],"l":{"6":1,"7":1,"8":1,"22":1,"23":0,"31":1,"32":0,"34":0,"35":0,"37":0,"38":0,"39":0,"41":0,"42":0,"44":0,"45":0,"46":0,"47":0,"49":0,"51":0,"52":0,"53":0,"54":0,"55":0,"57":0,"58":0,"59":0,"60":0,"61":0,"62":0,"63":0,"64":0,"65":0,"68":0,"74":0,"89":1,"90":0,"92":0,"93":0,"94":0,"97":0,"98":0,"99":0,"100":0,"103":0,"106":0,"107":0,"108":0,"109":0,"110":0,"111":0,"112":0,"113":0,"116":0,"120":0,"121":0,"122":0,"123":0,"124":0,"125":0,"126":0,"127":0,"130":0,"133":0,"139":1,"140":0,"143":0,"145":0,"147":0,"148":0,"149":0,"150":0,"153":0,"154":0,"155":0,"156":0,"159":0,"160":0,"161":0,"162":0,"163":0,"166":0,"167":0}}}